[2018-09-12 20:41:54,995][Thread-1:1660][task_id:root][views.py:29][INFO][Accessing Page /login_files/login.css with showPath]
[2018-09-12 20:41:56,908][Thread-3:15892][task_id:root][views.py:15][INFO][Accessing Page /login with showPages]
[2018-09-12 20:41:56,916][Thread-3:15892][task_id:django.request][log.py:228][ERROR][Internal Server Error: /login]
Traceback (most recent call last):
  File "d:\software\python35\lib\site-packages\django\core\handlers\exception.py", line 34, in inner
    response = get_response(request)
  File "d:\software\python35\lib\site-packages\django\core\handlers\base.py", line 126, in _get_response
    response = self.process_exception_by_middleware(e, request)
  File "d:\software\python35\lib\site-packages\django\core\handlers\base.py", line 124, in _get_response
    response = wrapped_callback(request, *callback_args, **callback_kwargs)
  File "D:\Project\ShadowInk\my\views.py", line 24, in showPages
    return HttpResponse(url_begin+str(request.POST)[13:-2]+url_end)
NameError: name 'url_begin' is not defined
[2018-09-12 21:00:58,255][Thread-1:2456][task_id:root][views.py:17][INFO][Accessing Page /login with showPages]
[2018-09-12 21:00:58,263][Thread-1:2456][task_id:django.request][log.py:228][ERROR][Internal Server Error: /login]
Traceback (most recent call last):
  File "d:\software\python35\lib\site-packages\django\core\handlers\exception.py", line 34, in inner
    response = get_response(request)
  File "d:\software\python35\lib\site-packages\django\core\handlers\base.py", line 126, in _get_response
    response = self.process_exception_by_middleware(e, request)
  File "d:\software\python35\lib\site-packages\django\core\handlers\base.py", line 124, in _get_response
    response = wrapped_callback(request, *callback_args, **callback_kwargs)
  File "D:\Project\ShadowInk\my\views.py", line 24, in showPages
    template = loader.get_template('MainPage/loginSucess.html')
  File "d:\software\python35\lib\site-packages\django\template\loader.py", line 19, in get_template
    raise TemplateDoesNotExist(template_name, chain=chain)
django.template.exceptions.TemplateDoesNotExist: MainPage/loginSucess.html
[2018-09-12 21:03:08,578][Thread-1:14168][task_id:root][views.py:17][INFO][Accessing Page /login with showPages]
[2018-09-12 21:03:08,584][Thread-1:14168][task_id:django.request][log.py:228][ERROR][Internal Server Error: /login]
Traceback (most recent call last):
  File "d:\software\python35\lib\site-packages\django\core\handlers\exception.py", line 34, in inner
    response = get_response(request)
  File "d:\software\python35\lib\site-packages\django\core\handlers\base.py", line 126, in _get_response
    response = self.process_exception_by_middleware(e, request)
  File "d:\software\python35\lib\site-packages\django\core\handlers\base.py", line 124, in _get_response
    response = wrapped_callback(request, *callback_args, **callback_kwargs)
  File "D:\Project\ShadowInk\my\views.py", line 24, in showPages
    template = loader.get_template('MainPage/loginSucess.html')
  File "d:\software\python35\lib\site-packages\django\template\loader.py", line 19, in get_template
    raise TemplateDoesNotExist(template_name, chain=chain)
django.template.exceptions.TemplateDoesNotExist: MainPage/loginSucess.html
[2018-09-12 21:04:43,071][Thread-1:9764][task_id:root][views.py:17][INFO][Accessing Page /login with showPages]
[2018-09-12 21:04:43,076][Thread-1:9764][task_id:django.request][log.py:228][ERROR][Internal Server Error: /login]
Traceback (most recent call last):
  File "d:\software\python35\lib\site-packages\django\core\handlers\exception.py", line 34, in inner
    response = get_response(request)
  File "d:\software\python35\lib\site-packages\django\core\handlers\base.py", line 126, in _get_response
    response = self.process_exception_by_middleware(e, request)
  File "d:\software\python35\lib\site-packages\django\core\handlers\base.py", line 124, in _get_response
    response = wrapped_callback(request, *callback_args, **callback_kwargs)
  File "D:\Project\ShadowInk\my\views.py", line 24, in showPages
    template = loader.get_template('/MainPage/loginSucess.html')
  File "d:\software\python35\lib\site-packages\django\template\loader.py", line 19, in get_template
    raise TemplateDoesNotExist(template_name, chain=chain)
django.template.exceptions.TemplateDoesNotExist: /MainPage/loginSucess.html
[2018-09-12 21:07:35,915][Thread-1:2288][task_id:root][views.py:17][INFO][Accessing Page /login with showPages]
[2018-09-12 21:07:35,921][Thread-1:2288][task_id:django.request][log.py:228][ERROR][Internal Server Error: /login]
Traceback (most recent call last):
  File "d:\software\python35\lib\site-packages\django\core\handlers\exception.py", line 34, in inner
    response = get_response(request)
  File "d:\software\python35\lib\site-packages\django\core\handlers\base.py", line 126, in _get_response
    response = self.process_exception_by_middleware(e, request)
  File "d:\software\python35\lib\site-packages\django\core\handlers\base.py", line 124, in _get_response
    response = wrapped_callback(request, *callback_args, **callback_kwargs)
  File "D:\Project\ShadowInk\my\views.py", line 24, in showPages
    template = loader.get_template('../MainPage/loginSucess.html')
  File "d:\software\python35\lib\site-packages\django\template\loader.py", line 19, in get_template
    raise TemplateDoesNotExist(template_name, chain=chain)
django.template.exceptions.TemplateDoesNotExist: ../MainPage/loginSucess.html
[2018-09-12 21:08:56,955][Thread-1:11192][task_id:root][views.py:17][INFO][Accessing Page /login with showPages]
[2018-09-12 21:08:56,961][Thread-1:11192][task_id:django.request][log.py:228][ERROR][Internal Server Error: /login]
Traceback (most recent call last):
  File "d:\software\python35\lib\site-packages\django\core\handlers\exception.py", line 34, in inner
    response = get_response(request)
  File "d:\software\python35\lib\site-packages\django\core\handlers\base.py", line 126, in _get_response
    response = self.process_exception_by_middleware(e, request)
  File "d:\software\python35\lib\site-packages\django\core\handlers\base.py", line 124, in _get_response
    response = wrapped_callback(request, *callback_args, **callback_kwargs)
  File "D:\Project\ShadowInk\my\views.py", line 24, in showPages
    template = loader.get_template('D:/Project/ShadowInk/MainPage/loginSucess.html')
  File "d:\software\python35\lib\site-packages\django\template\loader.py", line 19, in get_template
    raise TemplateDoesNotExist(template_name, chain=chain)
django.template.exceptions.TemplateDoesNotExist: D:/Project/ShadowInk/MainPage/loginSucess.html
[2018-09-12 21:10:37,192][Thread-1:11204][task_id:root][views.py:17][INFO][Accessing Page /login with showPages]
[2018-09-12 21:10:37,199][Thread-1:11204][task_id:django.request][log.py:228][ERROR][Internal Server Error: /login]
Traceback (most recent call last):
  File "d:\software\python35\lib\site-packages\django\core\handlers\exception.py", line 34, in inner
    response = get_response(request)
  File "d:\software\python35\lib\site-packages\django\core\handlers\base.py", line 126, in _get_response
    response = self.process_exception_by_middleware(e, request)
  File "d:\software\python35\lib\site-packages\django\core\handlers\base.py", line 124, in _get_response
    response = wrapped_callback(request, *callback_args, **callback_kwargs)
  File "D:\Project\ShadowInk\my\views.py", line 24, in showPages
    template = loader.get_template('loginSucess.html')
  File "d:\software\python35\lib\site-packages\django\template\loader.py", line 19, in get_template
    raise TemplateDoesNotExist(template_name, chain=chain)
django.template.exceptions.TemplateDoesNotExist: loginSucess.html
[2018-09-12 21:12:47,216][Thread-1:12272][task_id:root][views.py:17][INFO][Accessing Page /login with showPages]
[2018-09-12 21:12:47,223][Thread-1:12272][task_id:django.request][log.py:228][ERROR][Internal Server Error: /login]
Traceback (most recent call last):
  File "d:\software\python35\lib\site-packages\django\core\handlers\exception.py", line 34, in inner
    response = get_response(request)
  File "d:\software\python35\lib\site-packages\django\core\handlers\base.py", line 126, in _get_response
    response = self.process_exception_by_middleware(e, request)
  File "d:\software\python35\lib\site-packages\django\core\handlers\base.py", line 124, in _get_response
    response = wrapped_callback(request, *callback_args, **callback_kwargs)
  File "D:\Project\ShadowInk\my\views.py", line 24, in showPages
    template = loader.get_template('loginSucess.html')
  File "d:\software\python35\lib\site-packages\django\template\loader.py", line 19, in get_template
    raise TemplateDoesNotExist(template_name, chain=chain)
django.template.exceptions.TemplateDoesNotExist: loginSucess.html
[2018-09-12 21:12:48,078][Thread-3:988][task_id:root][views.py:17][INFO][Accessing Page /login with showPages]
[2018-09-12 21:12:48,078][Thread-3:988][task_id:django.request][log.py:228][ERROR][Internal Server Error: /login]
Traceback (most recent call last):
  File "d:\software\python35\lib\site-packages\django\core\handlers\exception.py", line 34, in inner
    response = get_response(request)
  File "d:\software\python35\lib\site-packages\django\core\handlers\base.py", line 126, in _get_response
    response = self.process_exception_by_middleware(e, request)
  File "d:\software\python35\lib\site-packages\django\core\handlers\base.py", line 124, in _get_response
    response = wrapped_callback(request, *callback_args, **callback_kwargs)
  File "D:\Project\ShadowInk\my\views.py", line 24, in showPages
    template = loader.get_template('loginSucess.html')
  File "d:\software\python35\lib\site-packages\django\template\loader.py", line 19, in get_template
    raise TemplateDoesNotExist(template_name, chain=chain)
django.template.exceptions.TemplateDoesNotExist: loginSucess.html
[2018-09-12 21:15:06,219][Thread-5:12748][task_id:root][views.py:17][INFO][Accessing Page /login with showPages]
[2018-09-12 21:15:06,219][Thread-5:12748][task_id:django.request][log.py:228][ERROR][Internal Server Error: /login]
Traceback (most recent call last):
  File "d:\software\python35\lib\site-packages\django\core\handlers\exception.py", line 34, in inner
    response = get_response(request)
  File "d:\software\python35\lib\site-packages\django\core\handlers\base.py", line 126, in _get_response
    response = self.process_exception_by_middleware(e, request)
  File "d:\software\python35\lib\site-packages\django\core\handlers\base.py", line 124, in _get_response
    response = wrapped_callback(request, *callback_args, **callback_kwargs)
  File "D:\Project\ShadowInk\my\views.py", line 24, in showPages
    template = loader.get_template('loginSucess.html')
  File "d:\software\python35\lib\site-packages\django\template\loader.py", line 19, in get_template
    raise TemplateDoesNotExist(template_name, chain=chain)
django.template.exceptions.TemplateDoesNotExist: loginSucess.html
[2018-09-12 21:15:22,907][Thread-1:1564][task_id:root][views.py:17][INFO][Accessing Page /login with showPages]
[2018-09-12 21:15:22,915][Thread-1:1564][task_id:django.request][log.py:228][ERROR][Internal Server Error: /login]
Traceback (most recent call last):
  File "d:\software\python35\lib\site-packages\django\core\handlers\exception.py", line 34, in inner
    response = get_response(request)
  File "d:\software\python35\lib\site-packages\django\core\handlers\base.py", line 126, in _get_response
    response = self.process_exception_by_middleware(e, request)
  File "d:\software\python35\lib\site-packages\django\core\handlers\base.py", line 124, in _get_response
    response = wrapped_callback(request, *callback_args, **callback_kwargs)
  File "D:\Project\ShadowInk\my\views.py", line 24, in showPages
    template = loader.get_template('loginSucess.html')
  File "d:\software\python35\lib\site-packages\django\template\loader.py", line 19, in get_template
    raise TemplateDoesNotExist(template_name, chain=chain)
django.template.exceptions.TemplateDoesNotExist: loginSucess.html
[2018-09-12 21:19:22,628][Thread-4:16052][task_id:root][views.py:17][INFO][Accessing Page /login with showPages]
[2018-09-12 21:19:22,629][Thread-4:16052][task_id:django.request][log.py:228][ERROR][Internal Server Error: /login]
Traceback (most recent call last):
  File "d:\software\python35\lib\site-packages\django\core\handlers\exception.py", line 34, in inner
    response = get_response(request)
  File "d:\software\python35\lib\site-packages\django\core\handlers\base.py", line 126, in _get_response
    response = self.process_exception_by_middleware(e, request)
  File "d:\software\python35\lib\site-packages\django\core\handlers\base.py", line 124, in _get_response
    response = wrapped_callback(request, *callback_args, **callback_kwargs)
  File "D:\Project\ShadowInk\my\views.py", line 24, in showPages
    template = loader.get_template('loginSucess.html')
  File "d:\software\python35\lib\site-packages\django\template\loader.py", line 19, in get_template
    raise TemplateDoesNotExist(template_name, chain=chain)
django.template.exceptions.TemplateDoesNotExist: loginSucess.html
[2018-09-12 21:25:05,386][Thread-1:12660][task_id:root][views.py:17][INFO][Accessing Page /login with showPages]
[2018-09-12 21:25:05,391][Thread-1:12660][task_id:django.request][log.py:228][ERROR][Internal Server Error: /login]
Traceback (most recent call last):
  File "d:\software\python35\lib\site-packages\django\core\handlers\exception.py", line 34, in inner
    response = get_response(request)
  File "d:\software\python35\lib\site-packages\django\core\handlers\base.py", line 126, in _get_response
    response = self.process_exception_by_middleware(e, request)
  File "d:\software\python35\lib\site-packages\django\core\handlers\base.py", line 124, in _get_response
    response = wrapped_callback(request, *callback_args, **callback_kwargs)
  File "D:\Project\ShadowInk\my\views.py", line 24, in showPages
    template = loader.get_template('loginSucess.html')
  File "d:\software\python35\lib\site-packages\django\template\loader.py", line 19, in get_template
    raise TemplateDoesNotExist(template_name, chain=chain)
django.template.exceptions.TemplateDoesNotExist: loginSucess.html
[2018-09-12 21:26:26,466][Thread-1:14048][task_id:root][views.py:17][INFO][Accessing Page /login with showPages]
[2018-09-12 21:26:26,475][Thread-1:14048][task_id:django.request][log.py:228][ERROR][Internal Server Error: /login]
Traceback (most recent call last):
  File "d:\software\python35\lib\site-packages\django\core\handlers\exception.py", line 34, in inner
    response = get_response(request)
  File "d:\software\python35\lib\site-packages\django\core\handlers\base.py", line 126, in _get_response
    response = self.process_exception_by_middleware(e, request)
  File "d:\software\python35\lib\site-packages\django\core\handlers\base.py", line 124, in _get_response
    response = wrapped_callback(request, *callback_args, **callback_kwargs)
  File "D:\Project\ShadowInk\my\views.py", line 24, in showPages
    template = loader.get_template('loginSucess.html')
  File "d:\software\python35\lib\site-packages\django\template\loader.py", line 19, in get_template
    raise TemplateDoesNotExist(template_name, chain=chain)
django.template.exceptions.TemplateDoesNotExist: loginSucess.html
[2018-09-12 21:26:56,602][Thread-1:8460][task_id:root][views.py:17][INFO][Accessing Page /login with showPages]
[2018-09-12 21:26:56,612][Thread-1:8460][task_id:django.request][log.py:228][ERROR][Internal Server Error: /login]
Traceback (most recent call last):
  File "d:\software\python35\lib\site-packages\django\core\handlers\exception.py", line 34, in inner
    response = get_response(request)
  File "d:\software\python35\lib\site-packages\django\core\handlers\base.py", line 126, in _get_response
    response = self.process_exception_by_middleware(e, request)
  File "d:\software\python35\lib\site-packages\django\core\handlers\base.py", line 124, in _get_response
    response = wrapped_callback(request, *callback_args, **callback_kwargs)
  File "D:\Project\ShadowInk\my\views.py", line 24, in showPages
    template = loader.get_template('loginSucess.html')
  File "d:\software\python35\lib\site-packages\django\template\loader.py", line 19, in get_template
    raise TemplateDoesNotExist(template_name, chain=chain)
django.template.exceptions.TemplateDoesNotExist: loginSucess.html
[2018-09-12 21:27:56,206][Thread-1:6364][task_id:root][views.py:17][INFO][Accessing Page /login with showPages]
[2018-09-12 21:27:56,214][Thread-1:6364][task_id:django.request][log.py:228][ERROR][Internal Server Error: /login]
Traceback (most recent call last):
  File "d:\software\python35\lib\site-packages\django\core\handlers\exception.py", line 34, in inner
    response = get_response(request)
  File "d:\software\python35\lib\site-packages\django\core\handlers\base.py", line 126, in _get_response
    response = self.process_exception_by_middleware(e, request)
  File "d:\software\python35\lib\site-packages\django\core\handlers\base.py", line 124, in _get_response
    response = wrapped_callback(request, *callback_args, **callback_kwargs)
  File "D:\Project\ShadowInk\my\views.py", line 27, in showPages
    checkResult = checkPassword(name, password)
NameError: name 'checkPassword' is not defined
[2018-09-12 21:28:09,016][Thread-1:16016][task_id:root][views.py:17][INFO][Accessing Page /login with showPages]
[2018-09-12 21:28:09,022][Thread-1:16016][task_id:django.request][log.py:228][ERROR][Internal Server Error: /login]
Traceback (most recent call last):
  File "d:\software\python35\lib\site-packages\django\core\handlers\exception.py", line 34, in inner
    response = get_response(request)
  File "d:\software\python35\lib\site-packages\django\core\handlers\base.py", line 126, in _get_response
    response = self.process_exception_by_middleware(e, request)
  File "d:\software\python35\lib\site-packages\django\core\handlers\base.py", line 124, in _get_response
    response = wrapped_callback(request, *callback_args, **callback_kwargs)
  File "D:\Project\ShadowInk\my\views.py", line 27, in showPages
    checkResult = checkPassword(name, password)
NameError: name 'checkPassword' is not defined
[2018-09-12 21:34:22,286][Thread-1:3624][task_id:root][views.py:17][INFO][Accessing Page /login with showPages]
[2018-09-12 21:34:22,294][Thread-1:3624][task_id:django.request][log.py:228][ERROR][Internal Server Error: /login]
Traceback (most recent call last):
  File "d:\software\python35\lib\site-packages\django\core\handlers\exception.py", line 34, in inner
    response = get_response(request)
  File "d:\software\python35\lib\site-packages\django\core\handlers\base.py", line 126, in _get_response
    response = self.process_exception_by_middleware(e, request)
  File "d:\software\python35\lib\site-packages\django\core\handlers\base.py", line 124, in _get_response
    response = wrapped_callback(request, *callback_args, **callback_kwargs)
  File "D:\Project\ShadowInk\my\views.py", line 27, in showPages
    checkResult = main.checkPassword(name, password)
  File "D:\Project\ShadowInk\my\main.py", line 11, in checkPassword
    logger.info('Checking password, name:%s, password:%d'%(name,password))
TypeError: %d format: a number is required, not NoneType
[2018-09-12 21:34:53,699][Thread-1:5612][task_id:root][views.py:17][INFO][Accessing Page /login with showPages]
[2018-09-12 21:34:53,702][Thread-1:5612][task_id:my.main][main.py:11][INFO][Checking password, name:None, password:None]
[2018-09-12 21:34:53,704][Thread-1:5612][task_id:django.request][log.py:228][ERROR][Internal Server Error: /login]
Traceback (most recent call last):
  File "d:\software\python35\lib\site-packages\django\core\handlers\exception.py", line 34, in inner
    response = get_response(request)
  File "d:\software\python35\lib\site-packages\django\core\handlers\base.py", line 126, in _get_response
    response = self.process_exception_by_middleware(e, request)
  File "d:\software\python35\lib\site-packages\django\core\handlers\base.py", line 124, in _get_response
    response = wrapped_callback(request, *callback_args, **callback_kwargs)
  File "D:\Project\ShadowInk\my\views.py", line 27, in showPages
    checkResult = main.checkPassword(name, password)
  File "D:\Project\ShadowInk\my\main.py", line 14, in checkPassword
    return {id:1, message:'欢迎回来，%s，好久不见了！'%(name)}
NameError: name 'message' is not defined
[2018-09-12 21:37:42,805][Thread-1:9340][task_id:root][views.py:17][INFO][Accessing Page /login with showPages]
[2018-09-12 21:37:42,809][Thread-1:9340][task_id:my.main][main.py:11][INFO][Checking password, name:None, password:None]
[2018-09-12 21:37:42,892][Thread-3:10804][task_id:root][views.py:39][INFO][Accessing Page /login_files/login.css with showPath]
[2018-09-12 21:37:42,895][Thread-4:15588][task_id:root][views.py:39][INFO][Accessing Page /login_files/patternLock.min.js with showPath]
[2018-09-12 21:37:42,897][Thread-5:11316][task_id:root][views.py:39][INFO][Accessing Page /icon.png with showPath]
[2018-09-12 21:37:42,967][Thread-6:13192][task_id:root][views.py:39][INFO][Accessing Page /bk.jpg with showPath]
[2018-09-12 21:37:54,029][Thread-7:5992][task_id:root][views.py:17][INFO][Accessing Page /login with showPages]
[2018-09-12 21:37:54,029][Thread-7:5992][task_id:my.main][main.py:11][INFO][Checking password, name:None, password:None]
[2018-09-12 21:37:54,049][Thread-8:15856][task_id:root][views.py:39][INFO][Accessing Page /login_files/login.css with showPath]
[2018-09-12 21:37:54,054][Thread-9:13016][task_id:root][views.py:39][INFO][Accessing Page /login_files/patternLock.min.js with showPath]
[2018-09-12 21:37:54,056][Thread-10:11736][task_id:root][views.py:39][INFO][Accessing Page /icon.png with showPath]
[2018-09-12 21:37:54,126][Thread-11:17108][task_id:root][views.py:39][INFO][Accessing Page /bk.jpg with showPath]
[2018-09-12 21:37:55,927][Thread-12:5452][task_id:root][views.py:17][INFO][Accessing Page /login with showPages]
[2018-09-12 21:37:55,927][Thread-12:5452][task_id:my.main][main.py:11][INFO][Checking password, name:None, password:None]
[2018-09-12 21:37:55,950][Thread-13:8912][task_id:root][views.py:39][INFO][Accessing Page /login_files/login.css with showPath]
[2018-09-12 21:37:55,955][Thread-14:15248][task_id:root][views.py:39][INFO][Accessing Page /login_files/patternLock.min.js with showPath]
[2018-09-12 21:37:55,959][Thread-15:15060][task_id:root][views.py:39][INFO][Accessing Page /icon.png with showPath]
[2018-09-12 21:37:56,024][Thread-16:6492][task_id:root][views.py:39][INFO][Accessing Page /bk.jpg with showPath]
[2018-09-12 21:38:15,896][Thread-1:15292][task_id:root][views.py:17][INFO][Accessing Page /login with showPages]
[2018-09-12 21:38:15,899][Thread-1:15292][task_id:my.main][main.py:11][INFO][Checking password, name:None, password:None]
[2018-09-12 21:38:15,919][Thread-3:8496][task_id:root][views.py:39][INFO][Accessing Page /login_files/login.css with showPath]
[2018-09-12 21:38:15,922][Thread-4:13028][task_id:root][views.py:39][INFO][Accessing Page /login_files/patternLock.min.js with showPath]
[2018-09-12 21:38:15,924][Thread-5:12984][task_id:root][views.py:39][INFO][Accessing Page /icon.png with showPath]
[2018-09-12 21:38:16,000][Thread-6:856][task_id:root][views.py:39][INFO][Accessing Page /bk.jpg with showPath]
[2018-09-12 21:39:21,803][Thread-7:11340][task_id:root][views.py:17][INFO][Accessing Page /login with showPages]
[2018-09-12 21:39:21,803][Thread-7:11340][task_id:my.main][main.py:11][INFO][Checking password, name:None, password:None]
[2018-09-12 21:39:21,826][Thread-8:14632][task_id:root][views.py:39][INFO][Accessing Page /login_files/login.css with showPath]
[2018-09-12 21:39:21,828][Thread-9:12216][task_id:root][views.py:39][INFO][Accessing Page /login_files/patternLock.min.js with showPath]
[2018-09-12 21:39:21,835][Thread-10:13940][task_id:root][views.py:39][INFO][Accessing Page /icon.png with showPath]
[2018-09-12 21:39:21,904][Thread-11:9812][task_id:root][views.py:39][INFO][Accessing Page /bk.jpg with showPath]
[2018-09-12 21:39:36,580][Thread-12:12532][task_id:root][views.py:10][INFO][Accessing Page / with showMainPage]
[2018-09-12 21:39:36,603][Thread-13:6488][task_id:root][views.py:39][INFO][Accessing Page /login_files/login.css with showPath]
[2018-09-12 21:39:36,607][Thread-14:8980][task_id:root][views.py:39][INFO][Accessing Page /login_files/patternLock.min.js with showPath]
[2018-09-12 21:39:36,611][Thread-15:7068][task_id:root][views.py:39][INFO][Accessing Page /icon.png with showPath]
[2018-09-12 21:39:36,680][Thread-16:10788][task_id:root][views.py:39][INFO][Accessing Page /bk.jpg with showPath]
[2018-09-12 21:39:36,681][Thread-17:13580][task_id:root][views.py:39][INFO][Accessing Page /login_files/icon_2x.png with showPath]
[2018-09-12 21:39:39,349][Thread-18:1188][task_id:root][views.py:17][INFO][Accessing Page /login with showPages]
[2018-09-12 21:39:39,350][Thread-18:1188][task_id:my.main][main.py:11][INFO][Checking password, name:155, password:555]
[2018-09-12 21:39:44,014][Thread-19:10812][task_id:root][views.py:17][INFO][Accessing Page /login with showPages]
[2018-09-12 21:39:44,015][Thread-19:10812][task_id:my.main][main.py:11][INFO][Checking password, name:155, password:155]
[2018-09-12 21:39:44,042][Thread-20:15768][task_id:root][views.py:39][INFO][Accessing Page /login_files/login.css with showPath]
[2018-09-12 21:39:44,047][Thread-21:3436][task_id:root][views.py:39][INFO][Accessing Page /login_files/patternLock.min.js with showPath]
[2018-09-12 21:39:44,050][Thread-22:14344][task_id:root][views.py:39][INFO][Accessing Page /icon.png with showPath]
[2018-09-12 21:39:44,114][Thread-23:5580][task_id:root][views.py:39][INFO][Accessing Page /bk.jpg with showPath]
[2018-09-12 21:39:59,907][Thread-1:16064][task_id:root][views.py:10][INFO][Accessing Page / with showMainPage]
[2018-09-12 21:39:59,931][Thread-3:15792][task_id:root][views.py:39][INFO][Accessing Page /login_files/login.css with showPath]
[2018-09-12 21:39:59,935][Thread-4:7608][task_id:root][views.py:39][INFO][Accessing Page /login_files/patternLock.min.js with showPath]
[2018-09-12 21:39:59,937][Thread-5:9828][task_id:root][views.py:39][INFO][Accessing Page /icon.png with showPath]
[2018-09-12 21:40:00,010][Thread-6:3008][task_id:root][views.py:39][INFO][Accessing Page /bk.jpg with showPath]
[2018-09-12 21:40:00,016][Thread-7:4072][task_id:root][views.py:39][INFO][Accessing Page /login_files/icon_2x.png with showPath]
[2018-09-12 21:40:07,581][Thread-8:1548][task_id:root][views.py:17][INFO][Accessing Page /login with showPages]
[2018-09-12 21:40:07,589][Thread-8:1548][task_id:my.main][main.py:11][INFO][Checking password, name:aloha, password:aloha]
[2018-09-12 21:40:07,610][Thread-9:2004][task_id:root][views.py:39][INFO][Accessing Page /login_files/login.css with showPath]
[2018-09-12 21:40:07,613][Thread-10:6544][task_id:root][views.py:39][INFO][Accessing Page /login_files/patternLock.min.js with showPath]
[2018-09-12 21:40:07,615][Thread-11:15140][task_id:root][views.py:39][INFO][Accessing Page /icon.png with showPath]
[2018-09-12 21:40:07,699][Thread-12:7304][task_id:root][views.py:39][INFO][Accessing Page /bk.jpg with showPath]
[2018-09-12 21:40:10,754][Thread-13:7912][task_id:root][views.py:39][INFO][Accessing Page /src=/explore with showPath]
[2018-09-12 21:40:10,759][Thread-13:7912][task_id:django.request][log.py:228][ERROR][Internal Server Error: /src=/explore]
Traceback (most recent call last):
  File "d:\software\python35\lib\site-packages\django\core\handlers\exception.py", line 34, in inner
    response = get_response(request)
  File "d:\software\python35\lib\site-packages\django\core\handlers\base.py", line 126, in _get_response
    response = self.process_exception_by_middleware(e, request)
  File "d:\software\python35\lib\site-packages\django\core\handlers\base.py", line 124, in _get_response
    response = wrapped_callback(request, *callback_args, **callback_kwargs)
  File "D:\Project\ShadowInk\my\views.py", line 61, in showPath
    with open('./MainPage/'+path, encoding='UTF-8') as f:
FileNotFoundError: [Errno 2] No such file or directory: './MainPage/src=/explore'
[2018-09-12 21:41:06,344][Thread-15:13252][task_id:root][views.py:39][INFO][Accessing Page /src=/explore with showPath]
[2018-09-12 21:41:06,345][Thread-15:13252][task_id:django.request][log.py:228][ERROR][Internal Server Error: /src=/explore]
Traceback (most recent call last):
  File "d:\software\python35\lib\site-packages\django\core\handlers\exception.py", line 34, in inner
    response = get_response(request)
  File "d:\software\python35\lib\site-packages\django\core\handlers\base.py", line 126, in _get_response
    response = self.process_exception_by_middleware(e, request)
  File "d:\software\python35\lib\site-packages\django\core\handlers\base.py", line 124, in _get_response
    response = wrapped_callback(request, *callback_args, **callback_kwargs)
  File "D:\Project\ShadowInk\my\views.py", line 61, in showPath
    with open('./MainPage/'+path, encoding='UTF-8') as f:
FileNotFoundError: [Errno 2] No such file or directory: './MainPage/src=/explore'
[2018-09-12 21:41:10,754][Thread-16:9164][task_id:root][views.py:39][INFO][Accessing Page /src=/explore with showPath]
[2018-09-12 21:41:10,755][Thread-16:9164][task_id:django.request][log.py:228][ERROR][Internal Server Error: /src=/explore]
Traceback (most recent call last):
  File "d:\software\python35\lib\site-packages\django\core\handlers\exception.py", line 34, in inner
    response = get_response(request)
  File "d:\software\python35\lib\site-packages\django\core\handlers\base.py", line 126, in _get_response
    response = self.process_exception_by_middleware(e, request)
  File "d:\software\python35\lib\site-packages\django\core\handlers\base.py", line 124, in _get_response
    response = wrapped_callback(request, *callback_args, **callback_kwargs)
  File "D:\Project\ShadowInk\my\views.py", line 61, in showPath
    with open('./MainPage/'+path, encoding='UTF-8') as f:
FileNotFoundError: [Errno 2] No such file or directory: './MainPage/src=/explore'
[2018-09-12 21:41:13,721][Thread-17:7812][task_id:root][views.py:17][INFO][Accessing Page /login with showPages]
[2018-09-12 21:41:13,722][Thread-17:7812][task_id:my.main][main.py:11][INFO][Checking password, name:aloha, password:aloha]
[2018-09-12 21:41:13,744][Thread-18:5760][task_id:root][views.py:39][INFO][Accessing Page /login_files/login.css with showPath]
[2018-09-12 21:41:13,749][Thread-19:4076][task_id:root][views.py:39][INFO][Accessing Page /login_files/patternLock.min.js with showPath]
[2018-09-12 21:41:13,751][Thread-20:13288][task_id:root][views.py:39][INFO][Accessing Page /icon.png with showPath]
[2018-09-12 21:41:13,810][Thread-21:7228][task_id:root][views.py:39][INFO][Accessing Page /bk.jpg with showPath]
[2018-09-12 21:41:16,870][Thread-22:10596][task_id:root][views.py:39][INFO][Accessing Page /src=/explore with showPath]
[2018-09-12 21:41:16,871][Thread-22:10596][task_id:django.request][log.py:228][ERROR][Internal Server Error: /src=/explore]
Traceback (most recent call last):
  File "d:\software\python35\lib\site-packages\django\core\handlers\exception.py", line 34, in inner
    response = get_response(request)
  File "d:\software\python35\lib\site-packages\django\core\handlers\base.py", line 126, in _get_response
    response = self.process_exception_by_middleware(e, request)
  File "d:\software\python35\lib\site-packages\django\core\handlers\base.py", line 124, in _get_response
    response = wrapped_callback(request, *callback_args, **callback_kwargs)
  File "D:\Project\ShadowInk\my\views.py", line 61, in showPath
    with open('./MainPage/'+path, encoding='UTF-8') as f:
FileNotFoundError: [Errno 2] No such file or directory: './MainPage/src=/explore'
[2018-09-12 21:41:20,325][Thread-23:344][task_id:root][views.py:17][INFO][Accessing Page /explore with showPages]
[2018-09-12 21:41:20,346][Thread-24:12928][task_id:root][views.py:39][INFO][Accessing Page /jquery.js with showPath]
[2018-09-12 21:41:20,354][Thread-25:14572][task_id:root][views.py:39][INFO][Accessing Page /my.js with showPath]
[2018-09-12 21:41:20,356][Thread-26:6396][task_id:root][views.py:39][INFO][Accessing Page /leftbar.jpg with showPath]
[2018-09-12 21:41:20,364][Thread-27:11024][task_id:root][views.py:39][INFO][Accessing Page /my.css with showPath]
[2018-09-12 21:41:20,449][Thread-28:14148][task_id:root][views.py:39][INFO][Accessing Page /page1.html with showPath]
[2018-09-12 21:41:20,498][Thread-29:9036][task_id:root][views.py:39][INFO][Accessing Page /content.jpg with showPath]
[2018-09-12 21:42:20,908][Thread-1:4268][task_id:root][views.py:10][INFO][Accessing Page / with showMainPage]
[2018-09-12 21:42:21,819][Thread-3:14496][task_id:root][views.py:39][INFO][Accessing Page /icon.png with showPath]
[2018-09-12 21:42:22,121][Thread-4:10060][task_id:root][views.py:39][INFO][Accessing Page /login_files/patternLock.min.js with showPath]
[2018-09-12 21:42:22,122][Thread-5:1344][task_id:root][views.py:39][INFO][Accessing Page /login_files/login.css with showPath]
[2018-09-12 21:42:23,704][Thread-6:16044][task_id:root][views.py:39][INFO][Accessing Page /bk.jpg with showPath]
[2018-09-12 21:42:23,924][Thread-7:13636][task_id:root][views.py:39][INFO][Accessing Page /login_files/icon_2x.png with showPath]
[2018-09-12 21:42:28,274][Thread-8:13028][task_id:root][views.py:39][INFO][Accessing Page /login_files/login.css with showPath]
[2018-09-12 21:42:33,856][Thread-9:10108][task_id:root][views.py:39][INFO][Accessing Page /favicon.ico with showPath]
[2018-09-12 21:42:36,672][Thread-10:11276][task_id:root][views.py:17][INFO][Accessing Page /login with showPages]
[2018-09-12 21:42:36,677][Thread-10:11276][task_id:my.main][main.py:11][INFO][Checking password, name:you good, password:you reallygood]
[2018-09-12 21:44:02,106][Thread-1:12356][task_id:root][views.py:17][INFO][Accessing Page /login with showPages]
[2018-09-12 21:44:02,109][Thread-1:12356][task_id:my.main][main.py:10][INFO][Checking password, name:you good, password:you good]
[2018-09-12 21:44:03,506][Thread-3:4844][task_id:root][views.py:39][INFO][Accessing Page /login_files/login.css with showPath]
[2018-09-12 21:44:03,508][Thread-4:8748][task_id:root][views.py:39][INFO][Accessing Page /login_files/patternLock.min.js with showPath]
[2018-09-12 21:44:03,511][Thread-5:13680][task_id:root][views.py:39][INFO][Accessing Page /icon.png with showPath]
[2018-09-12 21:44:06,023][Thread-6:12120][task_id:root][views.py:39][INFO][Accessing Page /bk.jpg with showPath]
[2018-09-12 21:44:21,549][Thread-7:10560][task_id:root][views.py:17][INFO][Accessing Page /explore with showPages]
[2018-09-12 21:44:22,317][Thread-8:7608][task_id:root][views.py:39][INFO][Accessing Page /jquery.js with showPath]
[2018-09-12 21:44:22,538][Thread-9:3008][task_id:root][views.py:39][INFO][Accessing Page /my.js with showPath]
[2018-09-12 21:44:22,540][Thread-10:4072][task_id:root][views.py:39][INFO][Accessing Page /my.css with showPath]
[2018-09-12 21:44:22,550][Thread-11:13528][task_id:root][views.py:39][INFO][Accessing Page /leftbar.jpg with showPath]
[2018-09-12 21:44:28,056][Thread-12:7604][task_id:root][views.py:39][INFO][Accessing Page /page1.html with showPath]
[2018-09-12 21:44:29,471][Thread-13:8592][task_id:root][views.py:39][INFO][Accessing Page /content.jpg with showPath]
[2018-09-12 21:46:15,679][Thread-1:9584][task_id:root][views.py:10][INFO][Accessing Page / with showMainPage]
[2018-09-12 21:46:16,742][Thread-3:15984][task_id:root][views.py:39][INFO][Accessing Page /icon.png with showPath]
[2018-09-12 21:46:16,744][Thread-4:16576][task_id:root][views.py:39][INFO][Accessing Page /login_files/patternLock.min.js with showPath]
[2018-09-12 21:46:16,746][Thread-5:4468][task_id:root][views.py:39][INFO][Accessing Page /login_files/login.css with showPath]
[2018-09-12 21:46:18,419][Thread-6:1972][task_id:root][views.py:39][INFO][Accessing Page /bk.jpg with showPath]
[2018-09-12 21:46:18,466][Thread-7:896][task_id:root][views.py:39][INFO][Accessing Page /login_files/icon_2x.png with showPath]
[2018-09-12 21:46:21,025][Thread-8:4076][task_id:root][views.py:39][INFO][Accessing Page /login_files/login.css with showPath]
[2018-09-12 21:46:23,065][Thread-9:7228][task_id:root][views.py:17][INFO][Accessing Page /login with showPages]
[2018-09-12 21:46:23,066][Thread-9:7228][task_id:my.main][main.py:10][INFO][Checking password, name:12414, password:124124]
[2018-09-12 21:46:23,839][Thread-10:5064][task_id:root][views.py:39][INFO][Accessing Page /login_files/login.css with showPath]
[2018-09-12 21:46:24,062][Thread-11:8124][task_id:root][views.py:39][INFO][Accessing Page /icon.png with showPath]
[2018-09-12 21:46:24,065][Thread-12:9388][task_id:root][views.py:39][INFO][Accessing Page /login_files/patternLock.min.js with showPath]
[2018-09-12 21:46:25,759][Thread-13:344][task_id:root][views.py:39][INFO][Accessing Page /bk.jpg with showPath]
[2018-09-12 21:46:38,360][Thread-14:15604][task_id:root][views.py:17][INFO][Accessing Page /explore with showPages]
[2018-09-12 21:46:39,575][Thread-15:16372][task_id:root][views.py:39][INFO][Accessing Page /my.css with showPath]
[2018-09-12 21:46:39,577][Thread-16:3556][task_id:root][views.py:39][INFO][Accessing Page /jquery.js with showPath]
[2018-09-12 21:46:39,580][Thread-17:16672][task_id:root][views.py:39][INFO][Accessing Page /leftbar.jpg with showPath]
[2018-09-12 21:46:39,581][Thread-18:14976][task_id:root][views.py:39][INFO][Accessing Page /my.js with showPath]
[2018-09-12 21:46:44,417][Thread-19:15712][task_id:root][views.py:39][INFO][Accessing Page /page1.html with showPath]
[2018-09-12 21:46:45,395][Thread-20:7808][task_id:root][views.py:39][INFO][Accessing Page /content.jpg with showPath]
[2018-09-12 21:47:34,996][Thread-21:5660][task_id:root][views.py:10][INFO][Accessing Page / with showMainPage]
[2018-09-12 21:47:35,769][Thread-22:10184][task_id:root][views.py:39][INFO][Accessing Page /login_files/login.css with showPath]
[2018-09-12 21:47:35,991][Thread-23:6364][task_id:root][views.py:39][INFO][Accessing Page /login_files/patternLock.min.js with showPath]
[2018-09-12 21:47:35,994][Thread-24:752][task_id:root][views.py:39][INFO][Accessing Page /icon.png with showPath]
[2018-09-12 21:47:37,664][Thread-25:1992][task_id:root][views.py:39][INFO][Accessing Page /login_files/icon_2x.png with showPath]
[2018-09-12 21:47:37,665][Thread-26:15932][task_id:root][views.py:39][INFO][Accessing Page /bk.jpg with showPath]
[2018-09-12 21:47:41,541][Thread-27:4088][task_id:root][views.py:10][INFO][Accessing Page / with showMainPage]
[2018-09-12 21:48:41,307][Thread-28:12476][task_id:root][views.py:10][INFO][Accessing Page / with showMainPage]
[2018-09-12 21:48:41,764][Thread-29:5756][task_id:root][views.py:10][INFO][Accessing Page / with showMainPage]
[2018-09-12 21:48:42,969][Thread-30:16900][task_id:root][views.py:39][INFO][Accessing Page /login_files/patternLock.min.js with showPath]
[2018-09-12 21:48:43,307][Thread-31:12684][task_id:root][views.py:39][INFO][Accessing Page /login_files/patternLock.min.js with showPath]
[2018-09-12 21:48:50,587][Thread-32:14348][task_id:root][views.py:10][INFO][Accessing Page / with showMainPage]
[2018-09-12 21:48:52,088][Thread-33:8816][task_id:root][views.py:39][INFO][Accessing Page /login_files/patternLock.min.js with showPath]
[2018-09-12 21:48:52,092][Thread-34:9752][task_id:root][views.py:39][INFO][Accessing Page /icon.png with showPath]
[2018-09-12 21:48:52,095][Thread-35:2704][task_id:root][views.py:39][INFO][Accessing Page /login_files/login.css with showPath]
[2018-09-12 21:48:58,985][Thread-36:6468][task_id:root][views.py:39][INFO][Accessing Page /bk.jpg with showPath]
[2018-09-12 21:49:00,683][Thread-37:5776][task_id:root][views.py:39][INFO][Accessing Page /login_files/icon_2x.png with showPath]
[2018-09-12 21:49:09,669][Thread-38:12412][task_id:root][views.py:39][INFO][Accessing Page /favicon.ico with showPath]
[2018-09-12 21:49:19,226][Thread-39:10212][task_id:root][views.py:17][INFO][Accessing Page /login with showPages]
[2018-09-12 21:49:19,226][Thread-39:10212][task_id:my.main][main.py:10][INFO][Checking password, name:aodacat, password:aodacat]
[2018-09-12 21:49:20,236][Thread-40:11584][task_id:root][views.py:39][INFO][Accessing Page /login_files/login.css with showPath]
[2018-09-12 21:49:20,794][Thread-41:17340][task_id:root][views.py:39][INFO][Accessing Page /login_files/patternLock.min.js with showPath]
[2018-09-12 21:49:20,795][Thread-42:2032][task_id:root][views.py:39][INFO][Accessing Page /icon.png with showPath]
[2018-09-12 21:49:22,412][Thread-43:7112][task_id:root][views.py:39][INFO][Accessing Page /bk.jpg with showPath]
[2018-09-12 21:49:51,831][Thread-44:1188][task_id:root][views.py:17][INFO][Accessing Page /explore with showPages]
[2018-09-12 21:49:53,350][Thread-45:3436][task_id:root][views.py:39][INFO][Accessing Page /my.js with showPath]
[2018-09-12 21:49:53,351][Thread-46:15768][task_id:root][views.py:39][INFO][Accessing Page /leftbar.jpg with showPath]
[2018-09-12 21:49:53,352][Thread-47:3468][task_id:root][views.py:39][INFO][Accessing Page /jquery.js with showPath]
[2018-09-12 21:49:53,355][Thread-48:14544][task_id:root][views.py:39][INFO][Accessing Page /my.css with showPath]
[2018-09-12 21:49:59,964][Thread-49:10272][task_id:root][views.py:39][INFO][Accessing Page /page1.html with showPath]
[2018-09-12 21:50:01,144][Thread-50:8672][task_id:root][views.py:39][INFO][Accessing Page /content.jpg with showPath]
[2018-09-12 21:50:09,743][Thread-51:16940][task_id:root][views.py:10][INFO][Accessing Page / with showMainPage]
[2018-09-12 21:50:10,534][Thread-52:4380][task_id:root][views.py:39][INFO][Accessing Page /login_files/login.css with showPath]
[2018-09-12 21:50:10,754][Thread-53:10624][task_id:root][views.py:39][INFO][Accessing Page /icon.png with showPath]
[2018-09-12 21:50:10,755][Thread-54:12848][task_id:root][views.py:39][INFO][Accessing Page /login_files/patternLock.min.js with showPath]
[2018-09-12 21:50:12,004][Thread-55:7040][task_id:root][views.py:39][INFO][Accessing Page /bk.jpg with showPath]
[2018-09-12 21:50:12,225][Thread-56:648][task_id:root][views.py:39][INFO][Accessing Page /login_files/icon_2x.png with showPath]
[2018-09-12 21:50:15,530][Thread-57:8720][task_id:root][views.py:39][INFO][Accessing Page /login_files/icon_2x.png with showPath]
[2018-09-12 21:50:21,663][Thread-58:14884][task_id:root][views.py:17][INFO][Accessing Page /login with showPages]
[2018-09-12 21:50:21,663][Thread-58:14884][task_id:my.main][main.py:10][INFO][Checking password, name:xiwbxjnd, password:suwkncnd]
[2018-09-12 21:50:23,155][Thread-59:15116][task_id:root][views.py:39][INFO][Accessing Page /login_files/patternLock.min.js with showPath]
[2018-09-12 21:50:23,157][Thread-60:4180][task_id:root][views.py:39][INFO][Accessing Page /icon.png with showPath]
[2018-09-12 21:50:23,159][Thread-61:10344][task_id:root][views.py:39][INFO][Accessing Page /login_files/login.css with showPath]
[2018-09-12 21:50:25,094][Thread-62:14356][task_id:root][views.py:39][INFO][Accessing Page /favicon.ico with showPath]
[2018-09-12 21:50:25,246][Thread-63:13036][task_id:root][views.py:39][INFO][Accessing Page /bk.jpg with showPath]
[2018-09-12 21:50:28,878][Thread-64:7740][task_id:root][views.py:17][INFO][Accessing Page /login with showPages]
[2018-09-12 21:50:28,879][Thread-64:7740][task_id:my.main][main.py:10][INFO][Checking password, name:13261801199, password:saokai]
[2018-09-12 21:50:29,709][Thread-65:11196][task_id:root][views.py:39][INFO][Accessing Page /login_files/login.css with showPath]
[2018-09-12 21:50:29,927][Thread-66:8352][task_id:root][views.py:39][INFO][Accessing Page /login_files/patternLock.min.js with showPath]
[2018-09-12 21:50:29,929][Thread-67:1132][task_id:root][views.py:39][INFO][Accessing Page /icon.png with showPath]
[2018-09-12 21:50:31,351][Thread-68:14132][task_id:root][views.py:39][INFO][Accessing Page /bk.jpg with showPath]
[2018-09-12 21:50:43,741][Thread-69:9052][task_id:root][views.py:39][INFO][Accessing Page /bk.jpg with showPath]
[2018-09-12 21:50:47,566][Thread-70:12924][task_id:root][views.py:10][INFO][Accessing Page / with showMainPage]
[2018-09-12 21:50:48,378][Thread-71:608][task_id:root][views.py:39][INFO][Accessing Page /login_files/login.css with showPath]
[2018-09-12 21:50:48,605][Thread-72:3408][task_id:root][views.py:39][INFO][Accessing Page /login_files/patternLock.min.js with showPath]
[2018-09-12 21:50:48,825][Thread-73:8316][task_id:root][views.py:39][INFO][Accessing Page /icon.png with showPath]
[2018-09-12 21:50:49,877][Thread-74:16640][task_id:root][views.py:39][INFO][Accessing Page /bk.jpg with showPath]
[2018-09-12 21:50:50,098][Thread-75:15796][task_id:root][views.py:39][INFO][Accessing Page /login_files/icon_2x.png with showPath]
[2018-09-12 21:50:54,019][Thread-76:9452][task_id:root][views.py:10][INFO][Accessing Page / with showMainPage]
[2018-09-12 21:50:55,035][Thread-77:6276][task_id:root][views.py:39][INFO][Accessing Page /login_files/login.css with showPath]
[2018-09-12 21:50:55,259][Thread-78:9520][task_id:root][views.py:39][INFO][Accessing Page /login_files/patternLock.min.js with showPath]
[2018-09-12 21:50:55,260][Thread-79:13332][task_id:root][views.py:39][INFO][Accessing Page /icon.png with showPath]
[2018-09-12 21:50:58,996][Thread-80:5584][task_id:root][views.py:39][INFO][Accessing Page /login_files/icon_2x.png with showPath]
[2018-09-12 21:50:58,998][Thread-81:1684][task_id:root][views.py:39][INFO][Accessing Page /bk.jpg with showPath]
[2018-09-12 21:51:08,232][Thread-82:14260][task_id:root][views.py:17][INFO][Accessing Page /login with showPages]
[2018-09-12 21:51:08,232][Thread-82:14260][task_id:my.main][main.py:10][INFO][Checking password, name:13261801199, password:saokai]
[2018-09-12 21:51:09,236][Thread-83:15884][task_id:root][views.py:39][INFO][Accessing Page /login_files/login.css with showPath]
[2018-09-12 21:51:09,238][Thread-84:16820][task_id:root][views.py:39][INFO][Accessing Page /login_files/patternLock.min.js with showPath]
[2018-09-12 21:51:09,239][Thread-85:6292][task_id:root][views.py:39][INFO][Accessing Page /icon.png with showPath]
[2018-09-12 21:51:10,910][Thread-86:17300][task_id:root][views.py:39][INFO][Accessing Page /bk.jpg with showPath]
[2018-09-12 21:51:24,165][Thread-87:15952][task_id:root][views.py:39][INFO][Accessing Page /icon.png with showPath]
[2018-09-12 21:51:25,386][Thread-88:10900][task_id:root][views.py:39][INFO][Accessing Page /bk.jpg with showPath]
[2018-09-12 21:51:27,166][Thread-89:13696][task_id:root][views.py:10][INFO][Accessing Page / with showMainPage]
[2018-09-12 21:51:28,166][Thread-90:2888][task_id:root][views.py:39][INFO][Accessing Page /login_files/patternLock.min.js with showPath]
[2018-09-12 21:51:28,168][Thread-91:13104][task_id:root][views.py:39][INFO][Accessing Page /login_files/login.css with showPath]
[2018-09-12 21:51:28,172][Thread-92:10812][task_id:root][views.py:39][INFO][Accessing Page /icon.png with showPath]
[2018-09-12 21:51:30,493][Thread-93:13572][task_id:root][views.py:39][INFO][Accessing Page /bk.jpg with showPath]
[2018-09-12 21:51:30,731][Thread-94:8292][task_id:root][views.py:39][INFO][Accessing Page /login_files/icon_2x.png with showPath]
[2018-09-12 21:51:57,608][Thread-95:12892][task_id:root][views.py:10][INFO][Accessing Page / with showMainPage]
[2018-09-12 21:51:58,704][Thread-96:11324][task_id:root][views.py:39][INFO][Accessing Page /login_files/login.css with showPath]
[2018-09-12 21:51:59,362][Thread-97:14176][task_id:root][views.py:39][INFO][Accessing Page /login_files/patternLock.min.js with showPath]
[2018-09-12 21:51:59,363][Thread-98:5748][task_id:root][views.py:39][INFO][Accessing Page /icon.png with showPath]
[2018-09-12 21:52:01,466][Thread-99:8796][task_id:root][views.py:39][INFO][Accessing Page /bk.jpg with showPath]
[2018-09-12 21:52:01,707][Thread-100:12568][task_id:root][views.py:39][INFO][Accessing Page /login_files/icon_2x.png with showPath]
[2018-09-12 21:52:09,744][Thread-101:16496][task_id:root][views.py:10][INFO][Accessing Page / with showMainPage]
[2018-09-12 21:52:11,315][Thread-102:16648][task_id:root][views.py:39][INFO][Accessing Page /login_files/patternLock.min.js with showPath]
[2018-09-12 21:52:11,534][Thread-103:10720][task_id:root][views.py:39][INFO][Accessing Page /login_files/login.css with showPath]
[2018-09-12 21:52:11,546][Thread-104:10936][task_id:root][views.py:39][INFO][Accessing Page /icon.png with showPath]
[2018-09-12 21:52:14,712][Thread-105:1592][task_id:root][views.py:39][INFO][Accessing Page /bk.jpg with showPath]
[2018-09-12 21:52:14,931][Thread-106:2616][task_id:root][views.py:39][INFO][Accessing Page /login_files/icon_2x.png with showPath]
[2018-09-12 21:52:41,752][Thread-107:16836][task_id:root][views.py:17][INFO][Accessing Page /explore with showPages]
[2018-09-12 21:52:43,012][Thread-108:2584][task_id:root][views.py:39][INFO][Accessing Page /jquery.js with showPath]
[2018-09-12 21:52:44,275][Thread-109:6596][task_id:root][views.py:39][INFO][Accessing Page /my.js with showPath]
[2018-09-12 21:52:44,277][Thread-110:2268][task_id:root][views.py:39][INFO][Accessing Page /leftbar.jpg with showPath]
[2018-09-12 21:52:44,700][Thread-111:10924][task_id:root][views.py:39][INFO][Accessing Page /my.css with showPath]
[2018-09-12 21:52:44,739][Thread-112:7896][task_id:root][views.py:39][INFO][Accessing Page /page1.html with showPath]
[2018-09-12 21:52:45,544][Thread-113:12532][task_id:root][views.py:39][INFO][Accessing Page /content.jpg with showPath]
[2018-09-13 10:20:08,639][Thread-1:5160][task_id:root][views.py:10][INFO][Accessing Page / with showMainPage]
[2018-09-13 10:20:08,669][Thread-3:15812][task_id:root][views.py:43][INFO][Accessing Page /login_files/login.css with showPath]
[2018-09-13 10:20:08,672][Thread-4:10780][task_id:root][views.py:43][INFO][Accessing Page /login_files/patternLock.min.js with showPath]
[2018-09-13 10:20:08,677][Thread-5:2480][task_id:root][views.py:43][INFO][Accessing Page /icon.png with showPath]
[2018-09-13 10:20:08,741][Thread-6:7684][task_id:root][views.py:43][INFO][Accessing Page /bk.jpg with showPath]
[2018-09-13 10:20:08,771][Thread-7:7740][task_id:root][views.py:43][INFO][Accessing Page /login_files/icon_2x.png with showPath]
[2018-09-13 10:20:15,743][Thread-8:17056][task_id:root][views.py:17][INFO][Accessing Page /test with showPages]
[2018-09-13 10:20:15,842][Thread-8:17056][task_id:django.request][log.py:228][ERROR][Internal Server Error: /test]
Traceback (most recent call last):
  File "d:\software\python35\lib\site-packages\django\core\handlers\exception.py", line 34, in inner
    response = get_response(request)
  File "d:\software\python35\lib\site-packages\django\core\handlers\base.py", line 126, in _get_response
    response = self.process_exception_by_middleware(e, request)
  File "d:\software\python35\lib\site-packages\django\core\handlers\base.py", line 124, in _get_response
    response = wrapped_callback(request, *callback_args, **callback_kwargs)
  File "D:\Project\ShadowInk\my\views.py", line 37, in showPages
    insertUser('little','driver')
NameError: name 'insertUser' is not defined
[2018-09-13 10:20:45,246][Thread-1:16348][task_id:root][views.py:17][INFO][Accessing Page /test with showPages]
[2018-09-13 10:20:45,246][Thread-1:16348][task_id:my.main][main.py:59][INFO][Setting password, name:little, password:driver]
[2018-09-13 10:21:30,888][Thread-4:15256][task_id:root][views.py:17][INFO][Accessing Page /login with showPages]
[2018-09-13 10:21:30,889][Thread-4:15256][task_id:my.main][main.py:45][INFO][Checking password, name:None, password:None]
[2018-09-13 10:21:30,900][Thread-4:15256][task_id:django.request][log.py:228][ERROR][Internal Server Error: /login]
Traceback (most recent call last):
  File "d:\software\python35\lib\site-packages\django\core\handlers\exception.py", line 34, in inner
    response = get_response(request)
  File "d:\software\python35\lib\site-packages\django\core\handlers\base.py", line 126, in _get_response
    response = self.process_exception_by_middleware(e, request)
  File "d:\software\python35\lib\site-packages\django\core\handlers\base.py", line 124, in _get_response
    response = wrapped_callback(request, *callback_args, **callback_kwargs)
  File "D:\Project\ShadowInk\my\views.py", line 26, in showPages
    checkResult = main.checkPassword(name, password)
  File "D:\Project\ShadowInk\my\main.py", line 51, in checkPassword
    password_md5 = md5Password(password)
  File "D:\Project\ShadowInk\my\main.py", line 38, in md5Password
    h1.update(password.encode(encoding="utf-8"))
AttributeError: 'NoneType' object has no attribute 'encode'
[2018-09-13 10:21:34,543][Thread-5:5756][task_id:root][views.py:43][INFO][Accessing Page /login.html with showPath]
[2018-09-13 10:21:34,563][Thread-6:14184][task_id:root][views.py:43][INFO][Accessing Page /login_files/login.css with showPath]
[2018-09-13 10:21:34,566][Thread-7:16864][task_id:root][views.py:43][INFO][Accessing Page /login_files/patternLock.min.js with showPath]
[2018-09-13 10:21:34,569][Thread-8:15688][task_id:root][views.py:43][INFO][Accessing Page /icon.png with showPath]
[2018-09-13 10:21:34,600][Thread-9:7512][task_id:root][views.py:43][INFO][Accessing Page /bk.jpg with showPath]
[2018-09-13 10:21:34,602][Thread-10:7788][task_id:root][views.py:43][INFO][Accessing Page /login_files/icon_2x.png with showPath]
[2018-09-13 10:21:40,794][Thread-11:14632][task_id:root][views.py:17][INFO][Accessing Page /login with showPages]
[2018-09-13 10:21:40,794][Thread-11:14632][task_id:my.main][main.py:45][INFO][Checking password, name:little, password:driver]
[2018-09-13 10:21:40,881][Thread-12:12180][task_id:root][views.py:43][INFO][Accessing Page /login_files/login.css with showPath]
[2018-09-13 10:21:40,883][Thread-13:4232][task_id:root][views.py:43][INFO][Accessing Page /login_files/patternLock.min.js with showPath]
[2018-09-13 10:21:40,884][Thread-14:3036][task_id:root][views.py:43][INFO][Accessing Page /icon.png with showPath]
[2018-09-13 10:21:40,927][Thread-15:6804][task_id:root][views.py:43][INFO][Accessing Page /bk.jpg with showPath]
[2018-09-13 10:21:43,975][Thread-16:16408][task_id:root][views.py:17][INFO][Accessing Page /explore with showPages]
[2018-09-13 10:21:43,992][Thread-17:7452][task_id:root][views.py:43][INFO][Accessing Page /jquery.js with showPath]
[2018-09-13 10:21:43,996][Thread-18:13644][task_id:root][views.py:43][INFO][Accessing Page /my.js with showPath]
[2018-09-13 10:21:43,998][Thread-19:1220][task_id:root][views.py:43][INFO][Accessing Page /my.css with showPath]
[2018-09-13 10:21:44,000][Thread-20:4468][task_id:root][views.py:43][INFO][Accessing Page /leftbar.jpg with showPath]
[2018-09-13 10:21:44,077][Thread-21:16132][task_id:root][views.py:43][INFO][Accessing Page /page1.html with showPath]
[2018-09-13 10:21:44,129][Thread-22:11112][task_id:root][views.py:43][INFO][Accessing Page /content.jpg with showPath]
[2018-09-13 10:21:47,322][Thread-23:2116][task_id:root][views.py:17][INFO][Accessing Page /login with showPages]
[2018-09-13 10:21:47,322][Thread-23:2116][task_id:my.main][main.py:45][INFO][Checking password, name:little, password:14124124]
[2018-09-13 10:21:47,345][Thread-24:6116][task_id:root][views.py:43][INFO][Accessing Page /login_files/login.css with showPath]
[2018-09-13 10:21:47,348][Thread-25:16980][task_id:root][views.py:43][INFO][Accessing Page /login_files/patternLock.min.js with showPath]
[2018-09-13 10:21:47,351][Thread-26:10492][task_id:root][views.py:43][INFO][Accessing Page /icon.png with showPath]
[2018-09-13 10:21:47,375][Thread-27:17332][task_id:root][views.py:43][INFO][Accessing Page /bk.jpg with showPath]
[2018-09-13 10:22:02,707][Thread-30:13728][task_id:root][views.py:17][INFO][Accessing Page /login with showPages]
[2018-09-13 10:22:02,707][Thread-30:13728][task_id:my.main][main.py:45][INFO][Checking password, name:little, password:driver]
[2018-09-13 10:22:02,740][Thread-31:13668][task_id:root][views.py:43][INFO][Accessing Page /login_files/login.css with showPath]
[2018-09-13 10:22:02,743][Thread-32:12212][task_id:root][views.py:43][INFO][Accessing Page /login_files/patternLock.min.js with showPath]
[2018-09-13 10:22:02,744][Thread-33:7172][task_id:root][views.py:43][INFO][Accessing Page /icon.png with showPath]
[2018-09-13 10:22:02,770][Thread-34:15088][task_id:root][views.py:43][INFO][Accessing Page /bk.jpg with showPath]
[2018-09-13 10:22:05,812][Thread-35:6076][task_id:root][views.py:17][INFO][Accessing Page /explore with showPages]
[2018-09-13 10:22:05,826][Thread-36:15704][task_id:root][views.py:43][INFO][Accessing Page /jquery.js with showPath]
[2018-09-13 10:22:05,828][Thread-37:16648][task_id:root][views.py:43][INFO][Accessing Page /my.js with showPath]
[2018-09-13 10:22:05,829][Thread-38:14496][task_id:root][views.py:43][INFO][Accessing Page /my.css with showPath]
[2018-09-13 10:22:05,832][Thread-39:16468][task_id:root][views.py:43][INFO][Accessing Page /leftbar.jpg with showPath]
[2018-09-13 10:22:05,876][Thread-40:13940][task_id:root][views.py:43][INFO][Accessing Page /page1.html with showPath]
[2018-09-13 10:22:05,922][Thread-41:13692][task_id:root][views.py:43][INFO][Accessing Page /content.jpg with showPath]
[2018-09-13 10:37:12,391][Thread-1:9116][task_id:root][views.py:17][INFO][Accessing Page /login with showPages]
[2018-09-13 10:37:12,413][Thread-3:9080][task_id:root][views.py:47][INFO][Accessing Page /login_files/login.css with showPath]
[2018-09-13 10:37:12,415][Thread-4:1856][task_id:root][views.py:47][INFO][Accessing Page /login_files/patternLock.min.js with showPath]
[2018-09-13 10:37:12,417][Thread-5:1068][task_id:root][views.py:47][INFO][Accessing Page /icon.png with showPath]
[2018-09-13 10:37:12,482][Thread-6:11180][task_id:root][views.py:47][INFO][Accessing Page /bk.jpg with showPath]
[2018-09-13 10:37:12,484][Thread-7:2704][task_id:root][views.py:47][INFO][Accessing Page /login_files/icon_2x.png with showPath]
[2018-09-13 10:37:21,970][Thread-8:13524][task_id:root][views.py:17][INFO][Accessing Page /login with showPages]
[2018-09-13 10:37:21,970][Thread-8:13524][task_id:my.main][main.py:45][INFO][Checking password, name:little, password:123]
[2018-09-13 10:37:21,999][Thread-9:4980][task_id:root][views.py:47][INFO][Accessing Page /login_files/login.css with showPath]
[2018-09-13 10:37:22,004][Thread-10:7932][task_id:root][views.py:47][INFO][Accessing Page /login_files/patternLock.min.js with showPath]
[2018-09-13 10:37:22,006][Thread-11:14364][task_id:root][views.py:47][INFO][Accessing Page /icon.png with showPath]
[2018-09-13 10:37:22,067][Thread-12:9792][task_id:root][views.py:47][INFO][Accessing Page /bk.jpg with showPath]
[2018-09-13 10:37:25,124][Thread-13:1564][task_id:root][views.py:17][INFO][Accessing Page /explore with showPages]
[2018-09-13 10:37:25,147][Thread-14:12184][task_id:root][views.py:47][INFO][Accessing Page /jquery.js with showPath]
[2018-09-13 10:37:25,173][Thread-15:16096][task_id:root][views.py:47][INFO][Accessing Page /my.js with showPath]
[2018-09-13 10:37:25,175][Thread-16:13020][task_id:root][views.py:47][INFO][Accessing Page /my.css with showPath]
[2018-09-13 10:37:25,181][Thread-17:12712][task_id:root][views.py:47][INFO][Accessing Page /leftbar.jpg with showPath]
[2018-09-13 10:37:25,252][Thread-18:2208][task_id:root][views.py:47][INFO][Accessing Page /page1.html with showPath]
[2018-09-13 10:37:25,292][Thread-19:6952][task_id:root][views.py:47][INFO][Accessing Page /content.jpg with showPath]
[2018-09-13 10:38:05,615][Thread-20:1372][task_id:root][views.py:17][INFO][Accessing Page /explore with showPages]
[2018-09-13 10:38:05,638][Thread-21:1964][task_id:root][views.py:47][INFO][Accessing Page /jquery.js with showPath]
[2018-09-13 10:38:05,640][Thread-22:7928][task_id:root][views.py:47][INFO][Accessing Page /my.js with showPath]
[2018-09-13 10:38:05,643][Thread-23:12268][task_id:root][views.py:47][INFO][Accessing Page /my.css with showPath]
[2018-09-13 10:38:05,646][Thread-24:11104][task_id:root][views.py:47][INFO][Accessing Page /leftbar.jpg with showPath]
[2018-09-13 10:38:05,754][Thread-25:3936][task_id:root][views.py:47][INFO][Accessing Page /page1.html with showPath]
[2018-09-13 10:38:05,789][Thread-26:17200][task_id:root][views.py:47][INFO][Accessing Page /content.jpg with showPath]
[2018-09-13 10:38:07,265][Thread-27:8804][task_id:root][views.py:17][INFO][Accessing Page /login with showPages]
[2018-09-13 10:38:09,900][Thread-28:6928][task_id:root][views.py:17][INFO][Accessing Page /login with showPages]
[2018-09-13 10:38:09,917][Thread-29:13276][task_id:root][views.py:47][INFO][Accessing Page /login_files/login.css with showPath]
[2018-09-13 10:38:09,919][Thread-30:17152][task_id:root][views.py:47][INFO][Accessing Page /login_files/patternLock.min.js with showPath]
[2018-09-13 10:38:09,922][Thread-31:8256][task_id:root][views.py:47][INFO][Accessing Page /icon.png with showPath]
[2018-09-13 10:38:09,988][Thread-32:9776][task_id:root][views.py:47][INFO][Accessing Page /bk.jpg with showPath]
[2018-09-13 10:38:09,990][Thread-33:10428][task_id:root][views.py:47][INFO][Accessing Page /login_files/icon_2x.png with showPath]
[2018-09-13 10:38:18,154][Thread-34:10344][task_id:root][views.py:17][INFO][Accessing Page /login with showPages]
[2018-09-13 10:38:18,155][Thread-34:10344][task_id:my.main][main.py:45][INFO][Checking password, name:little, password:driver]
[2018-09-13 10:38:18,193][Thread-35:7760][task_id:root][views.py:47][INFO][Accessing Page /login_files/login.css with showPath]
[2018-09-13 10:38:18,196][Thread-36:6784][task_id:root][views.py:47][INFO][Accessing Page /login_files/patternLock.min.js with showPath]
[2018-09-13 10:38:18,199][Thread-37:7600][task_id:root][views.py:47][INFO][Accessing Page /icon.png with showPath]
[2018-09-13 10:38:18,258][Thread-38:8328][task_id:root][views.py:47][INFO][Accessing Page /bk.jpg with showPath]
[2018-09-13 10:38:20,128][Thread-39:15752][task_id:root][views.py:17][INFO][Accessing Page /login with showPages]
[2018-09-13 10:38:21,873][Thread-40:9800][task_id:root][views.py:17][INFO][Accessing Page /login with showPages]
[2018-09-13 10:38:21,874][Thread-40:9800][task_id:my.main][main.py:45][INFO][Checking password, name:little, password:123]
[2018-09-13 10:38:21,897][Thread-41:10772][task_id:root][views.py:47][INFO][Accessing Page /login_files/login.css with showPath]
[2018-09-13 10:38:21,899][Thread-42:5340][task_id:root][views.py:47][INFO][Accessing Page /login_files/patternLock.min.js with showPath]
[2018-09-13 10:38:21,901][Thread-43:12012][task_id:root][views.py:47][INFO][Accessing Page /icon.png with showPath]
[2018-09-13 10:38:21,962][Thread-44:9564][task_id:root][views.py:47][INFO][Accessing Page /bk.jpg with showPath]
[2018-09-13 10:38:23,337][Thread-45:5268][task_id:root][views.py:17][INFO][Accessing Page /login with showPages]
[2018-09-13 10:39:00,135][Thread-1:1192][task_id:root][views.py:17][INFO][Accessing Page /login with showPages]
[2018-09-13 10:39:00,158][Thread-3:1060][task_id:root][views.py:47][INFO][Accessing Page /login_files/login.css with showPath]
[2018-09-13 10:39:00,160][Thread-4:11668][task_id:root][views.py:47][INFO][Accessing Page /login_files/patternLock.min.js with showPath]
[2018-09-13 10:39:00,164][Thread-5:11284][task_id:root][views.py:47][INFO][Accessing Page /icon.png with showPath]
[2018-09-13 10:39:00,223][Thread-6:12324][task_id:root][views.py:47][INFO][Accessing Page /bk.jpg with showPath]
[2018-09-13 10:39:00,225][Thread-7:2944][task_id:root][views.py:47][INFO][Accessing Page /login_files/icon_2x.png with showPath]
[2018-09-13 10:39:03,451][Thread-8:4664][task_id:root][views.py:17][INFO][Accessing Page /login with showPages]
[2018-09-13 10:39:03,452][Thread-8:4664][task_id:my.main][main.py:45][INFO][Checking password, name:123, password:]
[2018-09-13 10:39:03,467][Thread-8:4664][task_id:django.request][log.py:228][ERROR][Internal Server Error: /login]
Traceback (most recent call last):
  File "d:\software\python35\lib\site-packages\django\core\handlers\exception.py", line 34, in inner
    response = get_response(request)
  File "d:\software\python35\lib\site-packages\django\core\handlers\base.py", line 126, in _get_response
    response = self.process_exception_by_middleware(e, request)
  File "d:\software\python35\lib\site-packages\django\core\handlers\base.py", line 124, in _get_response
    response = wrapped_callback(request, *callback_args, **callback_kwargs)
  File "D:\Project\ShadowInk\my\views.py", line 30, in showPages
    checkResult = main.checkPassword(name, password)
  File "D:\Project\ShadowInk\my\main.py", line 52, in checkPassword
    if result is not None and result[0][0] == password_md5:
IndexError: list index out of range
[2018-09-13 10:39:10,665][Thread-9:8976][task_id:root][views.py:17][INFO][Accessing Page /login with showPages]
[2018-09-13 10:39:10,666][Thread-9:8976][task_id:my.main][main.py:45][INFO][Checking password, name:123, password:456]
[2018-09-13 10:39:10,672][Thread-9:8976][task_id:django.request][log.py:228][ERROR][Internal Server Error: /login]
Traceback (most recent call last):
  File "d:\software\python35\lib\site-packages\django\core\handlers\exception.py", line 34, in inner
    response = get_response(request)
  File "d:\software\python35\lib\site-packages\django\core\handlers\base.py", line 126, in _get_response
    response = self.process_exception_by_middleware(e, request)
  File "d:\software\python35\lib\site-packages\django\core\handlers\base.py", line 124, in _get_response
    response = wrapped_callback(request, *callback_args, **callback_kwargs)
  File "D:\Project\ShadowInk\my\views.py", line 30, in showPages
    checkResult = main.checkPassword(name, password)
  File "D:\Project\ShadowInk\my\main.py", line 52, in checkPassword
    if result is not None and result[0][0] == password_md5:
IndexError: list index out of range
[2018-09-13 10:41:28,395][Thread-13:10000][task_id:root][views.py:17][INFO][Accessing Page /login with showPages]
[2018-09-13 10:41:28,395][Thread-13:10000][task_id:my.main][main.py:45][INFO][Checking password, name:132, password:444]
[2018-09-13 10:41:28,402][Thread-13:10000][task_id:django.request][log.py:228][ERROR][Internal Server Error: /login]
Traceback (most recent call last):
  File "d:\software\python35\lib\site-packages\django\core\handlers\exception.py", line 34, in inner
    response = get_response(request)
  File "d:\software\python35\lib\site-packages\django\core\handlers\base.py", line 126, in _get_response
    response = self.process_exception_by_middleware(e, request)
  File "d:\software\python35\lib\site-packages\django\core\handlers\base.py", line 124, in _get_response
    response = wrapped_callback(request, *callback_args, **callback_kwargs)
  File "D:\Project\ShadowInk\my\views.py", line 30, in showPages
    checkResult = main.checkPassword(name, password)
  File "D:\Project\ShadowInk\my\main.py", line 52, in checkPassword
    if result is not None and result[0][0] == password_md5:
IndexError: list index out of range
[2018-09-13 10:42:38,738][Thread-15:900][task_id:root][views.py:17][INFO][Accessing Page /login with showPages]
[2018-09-13 10:42:38,738][Thread-15:900][task_id:my.main][main.py:45][INFO][Checking password, name:132, password:63463]
[2018-09-13 10:42:38,744][Thread-15:900][task_id:django.request][log.py:228][ERROR][Internal Server Error: /login]
Traceback (most recent call last):
  File "d:\software\python35\lib\site-packages\django\core\handlers\exception.py", line 34, in inner
    response = get_response(request)
  File "d:\software\python35\lib\site-packages\django\core\handlers\base.py", line 126, in _get_response
    response = self.process_exception_by_middleware(e, request)
  File "d:\software\python35\lib\site-packages\django\core\handlers\base.py", line 124, in _get_response
    response = wrapped_callback(request, *callback_args, **callback_kwargs)
  File "D:\Project\ShadowInk\my\views.py", line 30, in showPages
    checkResult = main.checkPassword(name, password)
  File "D:\Project\ShadowInk\my\main.py", line 52, in checkPassword
    if result is not None and result[0][0] == password_md5:
IndexError: list index out of range
[2018-09-13 10:43:33,825][Thread-17:10840][task_id:root][views.py:17][INFO][Accessing Page /login with showPages]
[2018-09-13 10:43:33,826][Thread-17:10840][task_id:my.main][main.py:45][INFO][Checking password, name:132, password:23523]
[2018-09-13 10:43:33,832][Thread-17:10840][task_id:django.request][log.py:228][ERROR][Internal Server Error: /login]
Traceback (most recent call last):
  File "d:\software\python35\lib\site-packages\django\core\handlers\exception.py", line 34, in inner
    response = get_response(request)
  File "d:\software\python35\lib\site-packages\django\core\handlers\base.py", line 126, in _get_response
    response = self.process_exception_by_middleware(e, request)
  File "d:\software\python35\lib\site-packages\django\core\handlers\base.py", line 124, in _get_response
    response = wrapped_callback(request, *callback_args, **callback_kwargs)
  File "D:\Project\ShadowInk\my\views.py", line 30, in showPages
    checkResult = main.checkPassword(name, password)
  File "D:\Project\ShadowInk\my\main.py", line 52, in checkPassword
    if result is not None and result[0][0] == password_md5:
IndexError: list index out of range
[2018-09-13 10:44:55,849][Thread-1:10020][task_id:root][views.py:17][INFO][Accessing Page /login with showPages]
[2018-09-13 10:44:55,849][Thread-1:10020][task_id:my.main][main.py:45][INFO][Checking password, name:132, password:3242]
[2018-09-13 10:44:55,860][Thread-1:10020][task_id:my.main][main.py:53][INFO][[]]
[2018-09-13 10:44:55,865][Thread-1:10020][task_id:django.request][log.py:228][ERROR][Internal Server Error: /login]
Traceback (most recent call last):
  File "d:\software\python35\lib\site-packages\django\core\handlers\exception.py", line 34, in inner
    response = get_response(request)
  File "d:\software\python35\lib\site-packages\django\core\handlers\base.py", line 126, in _get_response
    response = self.process_exception_by_middleware(e, request)
  File "d:\software\python35\lib\site-packages\django\core\handlers\base.py", line 124, in _get_response
    response = wrapped_callback(request, *callback_args, **callback_kwargs)
  File "D:\Project\ShadowInk\my\views.py", line 30, in showPages
    checkResult = main.checkPassword(name, password)
  File "D:\Project\ShadowInk\my\main.py", line 54, in checkPassword
    if result[0][0] == password_md5:
IndexError: list index out of range
[2018-09-13 10:45:36,472][Thread-1:4180][task_id:root][views.py:17][INFO][Accessing Page /login with showPages]
[2018-09-13 10:45:36,473][Thread-1:4180][task_id:my.main][main.py:45][INFO][Checking password, name:132, password:34534]
[2018-09-13 10:45:36,512][Thread-3:7276][task_id:root][views.py:47][INFO][Accessing Page /login_files/login.css with showPath]
[2018-09-13 10:45:36,515][Thread-4:13268][task_id:root][views.py:47][INFO][Accessing Page /login_files/patternLock.min.js with showPath]
[2018-09-13 10:45:36,522][Thread-5:12864][task_id:root][views.py:47][INFO][Accessing Page /icon.png with showPath]
[2018-09-13 10:45:36,651][Thread-6:8732][task_id:root][views.py:47][INFO][Accessing Page /bk.jpg with showPath]
[2018-09-13 10:45:38,072][Thread-7:3592][task_id:root][views.py:17][INFO][Accessing Page /login with showPages]
[2018-09-13 10:45:52,809][Thread-9:13848][task_id:root][views.py:17][INFO][Accessing Page /login with showPages]
[2018-09-13 10:45:52,810][Thread-9:13848][task_id:my.main][main.py:45][INFO][Checking password, name:little, password:12312]
[2018-09-13 10:45:52,816][Thread-9:13848][task_id:my.main][main.py:53][INFO][[('0e99d868efe772bac0f0f71e99826e20',)]]
[2018-09-13 10:45:52,838][Thread-10:15252][task_id:root][views.py:47][INFO][Accessing Page /login_files/login.css with showPath]
[2018-09-13 10:45:52,841][Thread-11:12056][task_id:root][views.py:47][INFO][Accessing Page /login_files/patternLock.min.js with showPath]
[2018-09-13 10:45:52,843][Thread-12:1080][task_id:root][views.py:47][INFO][Accessing Page /icon.png with showPath]
[2018-09-13 10:45:52,914][Thread-13:14264][task_id:root][views.py:47][INFO][Accessing Page /bk.jpg with showPath]
[2018-09-13 10:45:54,055][Thread-14:7544][task_id:root][views.py:17][INFO][Accessing Page /login with showPages]
[2018-09-13 10:45:57,208][Thread-15:14008][task_id:root][views.py:17][INFO][Accessing Page /login with showPages]
[2018-09-13 10:45:57,209][Thread-15:14008][task_id:my.main][main.py:45][INFO][Checking password, name:little, password:driver]
[2018-09-13 10:45:57,212][Thread-15:14008][task_id:my.main][main.py:53][INFO][[('0e99d868efe772bac0f0f71e99826e20',)]]
[2018-09-13 10:45:57,240][Thread-16:2480][task_id:root][views.py:47][INFO][Accessing Page /login_files/login.css with showPath]
[2018-09-13 10:45:57,243][Thread-17:15812][task_id:root][views.py:47][INFO][Accessing Page /login_files/patternLock.min.js with showPath]
[2018-09-13 10:45:57,245][Thread-18:13864][task_id:root][views.py:47][INFO][Accessing Page /icon.png with showPath]
[2018-09-13 10:45:57,303][Thread-19:5160][task_id:root][views.py:47][INFO][Accessing Page /bk.jpg with showPath]
[2018-09-13 10:45:58,481][Thread-20:8692][task_id:root][views.py:17][INFO][Accessing Page /login with showPages]
[2018-09-13 10:47:32,680][Thread-1:17120][task_id:root][views.py:17][INFO][Accessing Page /login with showPages]
[2018-09-13 10:47:32,681][Thread-1:17120][task_id:my.main][main.py:45][INFO][Checking password, name:little, password:123]
[2018-09-13 10:47:32,691][Thread-1:17120][task_id:my.main][main.py:53][INFO][[('0e99d868efe772bac0f0f71e99826e20',)]]
[2018-09-13 10:47:32,712][Thread-3:15828][task_id:root][views.py:47][INFO][Accessing Page /login_files/login.css with showPath]
[2018-09-13 10:47:32,714][Thread-4:13220][task_id:root][views.py:47][INFO][Accessing Page /login_files/patternLock.min.js with showPath]
[2018-09-13 10:47:32,718][Thread-5:15788][task_id:root][views.py:47][INFO][Accessing Page /icon.png with showPath]
[2018-09-13 10:47:32,785][Thread-6:2180][task_id:root][views.py:47][INFO][Accessing Page /bk.jpg with showPath]
[2018-09-13 10:47:34,611][Thread-7:3136][task_id:root][views.py:17][INFO][Accessing Page /login with showPages]
[2018-09-13 10:47:41,433][Thread-8:15580][task_id:root][views.py:17][INFO][Accessing Page /login with showPages]
[2018-09-13 10:47:41,434][Thread-8:15580][task_id:my.main][main.py:45][INFO][Checking password, name:little, password:2252]
[2018-09-13 10:47:41,438][Thread-8:15580][task_id:my.main][main.py:53][INFO][[('0e99d868efe772bac0f0f71e99826e20',)]]
[2018-09-13 10:47:41,455][Thread-9:2516][task_id:root][views.py:47][INFO][Accessing Page /login_files/login.css with showPath]
[2018-09-13 10:47:41,457][Thread-10:8240][task_id:root][views.py:47][INFO][Accessing Page /login_files/patternLock.min.js with showPath]
[2018-09-13 10:47:41,460][Thread-11:9212][task_id:root][views.py:47][INFO][Accessing Page /icon.png with showPath]
[2018-09-13 10:47:41,541][Thread-12:14344][task_id:root][views.py:47][INFO][Accessing Page /bk.jpg with showPath]
[2018-09-13 10:47:42,922][Thread-13:16536][task_id:root][views.py:17][INFO][Accessing Page /login with showPages]
[2018-09-13 10:47:50,384][Thread-14:12388][task_id:root][views.py:17][INFO][Accessing Page /login with showPages]
[2018-09-13 10:47:50,385][Thread-14:12388][task_id:my.main][main.py:45][INFO][Checking password, name:little, password:driver]
[2018-09-13 10:47:50,391][Thread-14:12388][task_id:my.main][main.py:53][INFO][[('0e99d868efe772bac0f0f71e99826e20',)]]
[2018-09-13 10:47:50,423][Thread-15:14900][task_id:root][views.py:47][INFO][Accessing Page /login_files/login.css with showPath]
[2018-09-13 10:47:50,426][Thread-16:14340][task_id:root][views.py:47][INFO][Accessing Page /login_files/patternLock.min.js with showPath]
[2018-09-13 10:47:50,427][Thread-17:4380][task_id:root][views.py:47][INFO][Accessing Page /icon.png with showPath]
[2018-09-13 10:47:50,505][Thread-18:2496][task_id:root][views.py:47][INFO][Accessing Page /bk.jpg with showPath]
[2018-09-13 10:47:50,507][Thread-19:8716][task_id:root][views.py:47][INFO][Accessing Page /login_files/icon_2x.png with showPath]
[2018-09-13 10:48:47,389][Thread-1:10688][task_id:root][views.py:17][INFO][Accessing Page /login with showPages]
[2018-09-13 10:48:47,389][Thread-1:10688][task_id:my.main][main.py:45][INFO][Checking password, name:little, password:driver]
[2018-09-13 10:48:47,400][Thread-1:10688][task_id:my.main][main.py:53][INFO][[('0e99d868efe772bac0f0f71e99826e20',)]]
[2018-09-13 10:48:47,425][Thread-3:8112][task_id:root][views.py:47][INFO][Accessing Page /login_files/login.css with showPath]
[2018-09-13 10:48:47,427][Thread-4:7788][task_id:root][views.py:47][INFO][Accessing Page /login_files/patternLock.min.js with showPath]
[2018-09-13 10:48:47,433][Thread-5:14316][task_id:root][views.py:47][INFO][Accessing Page /icon.png with showPath]
[2018-09-13 10:48:47,536][Thread-6:1320][task_id:root][views.py:47][INFO][Accessing Page /bk.jpg with showPath]
[2018-09-13 10:48:49,896][Thread-7:6572][task_id:root][views.py:17][INFO][Accessing Page /login with showPages]
[2018-09-13 10:48:49,912][Thread-8:4352][task_id:root][views.py:47][INFO][Accessing Page /login_files/login.css with showPath]
[2018-09-13 10:48:49,915][Thread-9:12340][task_id:root][views.py:47][INFO][Accessing Page /login_files/patternLock.min.js with showPath]
[2018-09-13 10:48:49,918][Thread-10:12108][task_id:root][views.py:47][INFO][Accessing Page /icon.png with showPath]
[2018-09-13 10:48:49,977][Thread-11:12180][task_id:root][views.py:47][INFO][Accessing Page /bk.jpg with showPath]
[2018-09-13 10:48:49,978][Thread-12:16572][task_id:root][views.py:47][INFO][Accessing Page /login_files/icon_2x.png with showPath]
[2018-09-13 10:48:58,260][Thread-13:3356][task_id:root][views.py:17][INFO][Accessing Page /login with showPages]
[2018-09-13 10:48:58,260][Thread-13:3356][task_id:my.main][main.py:45][INFO][Checking password, name:little, password:123123]
[2018-09-13 10:48:58,264][Thread-13:3356][task_id:my.main][main.py:53][INFO][[('0e99d868efe772bac0f0f71e99826e20',)]]
[2018-09-13 10:48:58,280][Thread-14:16184][task_id:root][views.py:47][INFO][Accessing Page /login_files/login.css with showPath]
[2018-09-13 10:48:58,312][Thread-15:10396][task_id:root][views.py:47][INFO][Accessing Page /login_files/patternLock.min.js with showPath]
[2018-09-13 10:48:58,314][Thread-16:16612][task_id:root][views.py:47][INFO][Accessing Page /icon.png with showPath]
[2018-09-13 10:48:58,363][Thread-17:2584][task_id:root][views.py:47][INFO][Accessing Page /bk.jpg with showPath]
[2018-09-13 10:48:58,367][Thread-18:7512][task_id:root][views.py:47][INFO][Accessing Page /login_files/icon_2x.png with showPath]
[2018-09-13 10:49:09,145][Thread-19:15536][task_id:root][views.py:17][INFO][Accessing Page /login with showPages]
[2018-09-13 10:49:09,146][Thread-19:15536][task_id:my.main][main.py:45][INFO][Checking password, name:little, password:driver]
[2018-09-13 10:49:09,149][Thread-19:15536][task_id:my.main][main.py:53][INFO][[('0e99d868efe772bac0f0f71e99826e20',)]]
[2018-09-13 10:49:09,169][Thread-20:2704][task_id:root][views.py:47][INFO][Accessing Page /login_files/login.css with showPath]
[2018-09-13 10:49:09,171][Thread-21:11180][task_id:root][views.py:47][INFO][Accessing Page /login_files/patternLock.min.js with showPath]
[2018-09-13 10:49:09,174][Thread-22:14876][task_id:root][views.py:47][INFO][Accessing Page /icon.png with showPath]
[2018-09-13 10:49:09,271][Thread-23:4572][task_id:root][views.py:47][INFO][Accessing Page /bk.jpg with showPath]
[2018-09-13 10:49:12,290][Thread-24:11220][task_id:root][views.py:17][INFO][Accessing Page /explore with showPages]
[2018-09-13 10:49:12,321][Thread-25:9348][task_id:root][views.py:47][INFO][Accessing Page /jquery.js with showPath]
[2018-09-13 10:49:12,330][Thread-26:7012][task_id:root][views.py:47][INFO][Accessing Page /my.js with showPath]
[2018-09-13 10:49:12,332][Thread-27:9816][task_id:root][views.py:47][INFO][Accessing Page /my.css with showPath]
[2018-09-13 10:49:12,334][Thread-28:16392][task_id:root][views.py:47][INFO][Accessing Page /leftbar.jpg with showPath]
[2018-09-13 10:49:12,412][Thread-29:1508][task_id:root][views.py:47][INFO][Accessing Page /page1.html with showPath]
[2018-09-13 10:49:12,449][Thread-30:13524][task_id:root][views.py:47][INFO][Accessing Page /content.jpg with showPath]
