[2018-10-05 13:44:08,250][Thread-1:9356][task_id:root][views.py:16][INFO][Accessing Page / with showMainPage]
[2018-10-05 13:44:08,620][Thread-3:3296][task_id:root][views.py:21][INFO][Accessing Page /login with showPages]
[2018-10-05 13:44:08,805][Thread-4:6708][task_id:root][views.py:97][INFO][Accessing Page /login_files/login.css with showPath]
[2018-10-05 13:44:08,978][Thread-5:7516][task_id:root][views.py:97][INFO][Accessing Page /login_files/patternLock.min.js with showPath]
[2018-10-05 13:44:08,981][Thread-6:1780][task_id:root][views.py:97][INFO][Accessing Page /bin/jquery.js with showPath]
[2018-10-05 13:44:08,994][Thread-7:9640][task_id:root][views.py:97][INFO][Accessing Page /login_files/login.js with showPath]
[2018-10-05 13:44:09,197][Thread-8:9284][task_id:root][views.py:97][INFO][Accessing Page /image/icon.png with showPath]
[2018-10-05 13:44:09,513][Thread-9:8952][task_id:root][views.py:97][INFO][Accessing Page /image/bk.jpg with showPath]
[2018-10-05 13:44:11,874][Thread-10:8628][task_id:root][views.py:97][INFO][Accessing Page /favicon.ico with showPath]
[2018-10-05 13:44:52,530][Thread-11:2576][task_id:root][views.py:16][INFO][Accessing Page / with showMainPage]
[2018-10-05 13:44:52,685][Thread-12:6244][task_id:root][views.py:21][INFO][Accessing Page /login with showPages]
[2018-10-05 13:44:52,847][Thread-13:8560][task_id:root][views.py:97][INFO][Accessing Page /login_files/login.css with showPath]
[2018-10-05 13:44:52,849][Thread-14:6032][task_id:root][views.py:97][INFO][Accessing Page /login_files/patternLock.min.js with showPath]
[2018-10-05 13:44:52,852][Thread-15:10128][task_id:root][views.py:97][INFO][Accessing Page /bin/jquery.js with showPath]
[2018-10-05 13:44:52,859][Thread-16:9568][task_id:root][views.py:97][INFO][Accessing Page /login_files/login.js with showPath]
[2018-10-05 13:44:53,282][Thread-17:6680][task_id:root][views.py:97][INFO][Accessing Page /image/icon.png with showPath]
[2018-10-05 13:44:53,492][Thread-18:6120][task_id:root][views.py:97][INFO][Accessing Page /image/bk.jpg with showPath]
[2018-10-05 13:44:53,499][Thread-19:9108][task_id:root][views.py:97][INFO][Accessing Page /login_files/icon_2x.png with showPath]
[2018-10-05 13:44:55,902][Thread-20:9628][task_id:root][views.py:97][INFO][Accessing Page /favicon.ico with showPath]
[2018-10-05 13:45:22,341][Thread-21:9364][task_id:root][views.py:21][INFO][Accessing Page /login with showPages]
[2018-10-05 13:45:22,342][Thread-21:9364][task_id:ShadowInk.mysqlConnector][mysqlConnector.py:63][INFO][Checking password, name:ittle, password:driver]
[2018-10-05 13:50:22,293][Thread-22:8412][task_id:root][views.py:16][INFO][Accessing Page / with showMainPage]
[2018-10-05 13:50:22,463][Thread-23:9812][task_id:root][views.py:21][INFO][Accessing Page /login with showPages]
[2018-10-05 13:50:22,620][Thread-24:7028][task_id:root][views.py:97][INFO][Accessing Page /login_files/login.css with showPath]
[2018-10-05 13:50:22,631][Thread-25:1408][task_id:root][views.py:97][INFO][Accessing Page /login_files/patternLock.min.js with showPath]
[2018-10-05 13:50:22,782][Thread-26:9888][task_id:root][views.py:97][INFO][Accessing Page /bin/jquery.js with showPath]
[2018-10-05 13:50:22,797][Thread-27:9468][task_id:root][views.py:97][INFO][Accessing Page /login_files/login.js with showPath]
[2018-10-05 13:50:22,952][Thread-28:7884][task_id:root][views.py:97][INFO][Accessing Page /image/icon.png with showPath]
[2018-10-05 13:50:23,321][Thread-29:1488][task_id:root][views.py:97][INFO][Accessing Page /image/bk.jpg with showPath]
[2018-10-05 13:50:23,327][Thread-30:8088][task_id:root][views.py:97][INFO][Accessing Page /login_files/icon_2x.png with showPath]
[2018-10-05 13:50:25,703][Thread-31:3692][task_id:root][views.py:97][INFO][Accessing Page /favicon.ico with showPath]
[2018-10-05 13:53:59,604][Thread-32:10236][task_id:root][views.py:16][INFO][Accessing Page / with showMainPage]
[2018-10-05 13:53:59,772][Thread-33:8656][task_id:root][views.py:21][INFO][Accessing Page /login with showPages]
[2018-10-05 13:53:59,918][Thread-34:8848][task_id:root][views.py:97][INFO][Accessing Page /login_files/login.css with showPath]
[2018-10-05 13:53:59,939][Thread-35:9436][task_id:root][views.py:97][INFO][Accessing Page /login_files/patternLock.min.js with showPath]
[2018-10-05 13:54:00,083][Thread-36:5012][task_id:root][views.py:97][INFO][Accessing Page /bin/jquery.js with showPath]
[2018-10-05 13:54:00,101][Thread-37:6564][task_id:root][views.py:97][INFO][Accessing Page /login_files/login.js with showPath]
[2018-10-05 13:54:00,240][Thread-38:1812][task_id:root][views.py:97][INFO][Accessing Page /image/icon.png with showPath]
[2018-10-05 13:54:00,820][Thread-39:8752][task_id:root][views.py:97][INFO][Accessing Page /image/bk.jpg with showPath]
[2018-10-05 13:54:00,829][Thread-40:8928][task_id:root][views.py:97][INFO][Accessing Page /login_files/icon_2x.png with showPath]
[2018-10-05 13:54:02,985][Thread-41:9472][task_id:root][views.py:97][INFO][Accessing Page /favicon.ico with showPath]
[2018-10-05 13:54:29,116][Thread-42:7880][task_id:root][views.py:21][INFO][Accessing Page /login with showPages]
[2018-10-05 13:54:29,117][Thread-42:7880][task_id:ShadowInk.mysqlConnector][mysqlConnector.py:63][INFO][Checking password, name:little, password:driver]
[2018-10-05 13:54:29,816][Thread-43:8372][task_id:root][views.py:97][INFO][Accessing Page /login_files/login.css with showPath]
[2018-10-05 13:54:29,818][Thread-44:7220][task_id:root][views.py:97][INFO][Accessing Page /login_files/patternLock.min.js with showPath]
[2018-10-05 13:54:30,006][Thread-45:6548][task_id:root][views.py:97][INFO][Accessing Page /image/icon.png with showPath]
[2018-10-05 13:54:30,052][Thread-46:9908][task_id:root][views.py:97][INFO][Accessing Page /image/bk.jpg with showPath]
[2018-10-05 13:54:31,983][Thread-47:9464][task_id:root][views.py:97][INFO][Accessing Page /favicon.ico with showPath]
[2018-10-05 13:54:34,995][Thread-48:9040][task_id:root][views.py:22][INFO][Accessing Page /explore with showPages]
[2018-10-05 13:54:35,155][Thread-49:8968][task_id:root][views.py:97][INFO][Accessing Page /my_files/my.css with showPath]
[2018-10-05 13:54:35,158][Thread-50:7064][task_id:root][views.py:97][INFO][Accessing Page /bin/jquery.js with showPath]
[2018-10-05 13:54:35,339][Thread-51:8140][task_id:root][views.py:97][INFO][Accessing Page /my_files/my.js with showPath]
[2018-10-05 13:54:35,476][Thread-52:4620][task_id:root][views.py:97][INFO][Accessing Page /image/1.png with showPath]
[2018-10-05 13:54:35,627][Thread-55:5108][task_id:root][views.py:97][INFO][Accessing Page /image/barbk.jpg with showPath]
[2018-10-05 13:54:35,629][Thread-53:6540][task_id:root][views.py:22][INFO][Accessing Page /pContent with showPages]
[2018-10-05 13:54:35,630][Thread-53:6540][task_id:ShadowInk.mysqlConnector][mysqlConnector.py:145][INFO][Getting articles]
[2018-10-05 13:54:35,632][Thread-54:7848][task_id:root][views.py:22][INFO][Accessing Page /article with showPages]
[2018-10-05 13:54:35,792][Thread-56:9576][task_id:root][views.py:97][INFO][Accessing Page /article_files/article.css with showPath]
[2018-10-05 13:54:35,800][Thread-57:9456][task_id:root][views.py:97][INFO][Accessing Page /pages/pContent.css with showPath]
[2018-10-05 13:54:35,806][Thread-58:9588][task_id:root][views.py:97][INFO][Accessing Page /bin/jquery.js with showPath]
[2018-10-05 13:54:35,817][Thread-59:8104][task_id:root][views.py:97][INFO][Accessing Page /article_files/article.js with showPath]
[2018-10-05 13:54:35,825][Thread-60:3540][task_id:root][views.py:97][INFO][Accessing Page /bin/jquery.js with showPath]
[2018-10-05 13:54:36,070][Thread-61:8644][task_id:root][views.py:97][INFO][Accessing Page /my_files/my.js with showPath]
[2018-10-05 13:54:36,084][Thread-62:9444][task_id:root][views.py:97][INFO][Accessing Page /pages/slide.js with showPath]
[2018-10-05 13:54:36,115][Thread-63:8124][task_id:root][views.py:97][INFO][Accessing Page /image/lt.jpg with showPath]
[2018-10-05 13:54:36,295][Thread-64:7968][task_id:root][views.py:97][INFO][Accessing Page /image/bk.jpg with showPath]
[2018-10-05 13:54:36,332][Thread-65:8592][task_id:root][views.py:97][INFO][Accessing Page /image/barbk.jpg with showPath]
[2018-10-05 13:54:36,984][Thread-66:8912][task_id:root][views.py:125][INFO][Accessing Page /little_1538712262.jpg with showPath]
[2018-10-05 13:54:40,855][Thread-67:6468][task_id:root][views.py:22][INFO][Accessing Page /explore with showPages]
[2018-10-05 13:54:41,026][Thread-68:8412][task_id:root][views.py:97][INFO][Accessing Page /my_files/my.css with showPath]
[2018-10-05 13:54:41,039][Thread-69:9812][task_id:root][views.py:97][INFO][Accessing Page /bin/jquery.js with showPath]
[2018-10-05 13:54:41,048][Thread-70:8088][task_id:root][views.py:97][INFO][Accessing Page /my_files/my.js with showPath]
[2018-10-05 13:54:41,168][Thread-71:6760][task_id:root][views.py:97][INFO][Accessing Page /image/1.png with showPath]
[2018-10-05 13:54:43,527][Thread-72:6796][task_id:root][views.py:22][INFO][Accessing Page /article with showPages]
[2018-10-05 13:54:43,535][Thread-73:8816][task_id:root][views.py:22][INFO][Accessing Page /pContent with showPages]
[2018-10-05 13:54:43,537][Thread-74:9492][task_id:root][views.py:97][INFO][Accessing Page /image/barbk.jpg with showPath]
[2018-10-05 13:54:43,538][Thread-73:8816][task_id:ShadowInk.mysqlConnector][mysqlConnector.py:145][INFO][Getting articles]
[2018-10-05 13:54:43,704][Thread-75:5872][task_id:root][views.py:97][INFO][Accessing Page /article_files/article.css with showPath]
[2018-10-05 13:54:43,709][Thread-76:7232][task_id:root][views.py:97][INFO][Accessing Page /pages/pContent.css with showPath]
[2018-10-05 13:54:43,716][Thread-77:9500][task_id:root][views.py:97][INFO][Accessing Page /bin/jquery.js with showPath]
[2018-10-05 13:54:43,722][Thread-78:9356][task_id:root][views.py:97][INFO][Accessing Page /article_files/article.js with showPath]
[2018-10-05 13:54:43,741][Thread-79:9020][task_id:root][views.py:97][INFO][Accessing Page /bin/jquery.js with showPath]
[2018-10-05 13:54:43,969][Thread-80:9876][task_id:root][views.py:97][INFO][Accessing Page /my_files/my.js with showPath]
[2018-10-05 13:54:43,983][Thread-81:7088][task_id:root][views.py:97][INFO][Accessing Page /pages/slide.js with showPath]
[2018-10-05 13:54:43,986][Thread-82:8832][task_id:root][views.py:97][INFO][Accessing Page /image/lt.jpg with showPath]
[2018-10-05 13:54:44,192][Thread-83:8520][task_id:root][views.py:97][INFO][Accessing Page /image/bk.jpg with showPath]
[2018-10-05 13:54:44,244][Thread-84:5908][task_id:root][views.py:97][INFO][Accessing Page /image/barbk.jpg with showPath]
[2018-10-05 13:54:44,835][Thread-85:8376][task_id:root][views.py:125][INFO][Accessing Page /little_1538712262.jpg with showPath]
[2018-10-05 13:54:50,634][Thread-86:9592][task_id:root][views.py:97][INFO][Accessing Page /favicon.ico with showPath]
[2018-10-05 13:55:25,336][Thread-87:6524][task_id:root][views.py:16][INFO][Accessing Page / with showMainPage]
[2018-10-05 13:55:25,460][Thread-88:7892][task_id:root][views.py:21][INFO][Accessing Page /login with showPages]
[2018-10-05 13:55:25,483][Thread-89:6524][task_id:root][views.py:97][INFO][Accessing Page /login_files/login.css with showPath]
[2018-10-05 13:55:25,487][Thread-90:8068][task_id:root][views.py:97][INFO][Accessing Page /login_files/patternLock.min.js with showPath]
[2018-10-05 13:55:25,492][Thread-91:7040][task_id:root][views.py:97][INFO][Accessing Page /bin/jquery.js with showPath]
[2018-10-05 13:55:25,496][Thread-92:8872][task_id:root][views.py:97][INFO][Accessing Page /login_files/login.js with showPath]
[2018-10-05 13:55:25,502][Thread-93:6708][task_id:root][views.py:97][INFO][Accessing Page /image/icon.png with showPath]
[2018-10-05 13:55:25,691][Thread-94:7232][task_id:root][views.py:97][INFO][Accessing Page /image/bk.jpg with showPath]
[2018-10-05 13:55:25,727][Thread-95:8124][task_id:root][views.py:97][INFO][Accessing Page /login_files/icon_2x.png with showPath]
[2018-10-05 13:55:31,826][Thread-96:10336][task_id:root][views.py:21][INFO][Accessing Page /login with showPages]
[2018-10-05 13:55:31,826][Thread-96:10336][task_id:ShadowInk.mysqlConnector][mysqlConnector.py:63][INFO][Checking password, name:little, password:driver]
[2018-10-05 13:55:32,408][Thread-97:10340][task_id:root][views.py:97][INFO][Accessing Page /login_files/login.css with showPath]
[2018-10-05 13:55:32,411][Thread-98:10344][task_id:root][views.py:97][INFO][Accessing Page /login_files/patternLock.min.js with showPath]
[2018-10-05 13:55:32,415][Thread-99:10348][task_id:root][views.py:97][INFO][Accessing Page /image/icon.png with showPath]
[2018-10-05 13:55:32,462][Thread-100:10352][task_id:root][views.py:97][INFO][Accessing Page /image/bk.jpg with showPath]
[2018-10-05 13:55:35,508][Thread-101:10408][task_id:root][views.py:22][INFO][Accessing Page /explore with showPages]
[2018-10-05 13:55:35,557][Thread-102:10412][task_id:root][views.py:97][INFO][Accessing Page /bin/jquery.js with showPath]
[2018-10-05 13:55:35,582][Thread-103:10416][task_id:root][views.py:97][INFO][Accessing Page /my_files/my.js with showPath]
[2018-10-05 13:55:35,585][Thread-104:10420][task_id:root][views.py:97][INFO][Accessing Page /my_files/my.css with showPath]
[2018-10-05 13:55:35,589][Thread-105:10424][task_id:root][views.py:97][INFO][Accessing Page /image/1.png with showPath]
[2018-10-05 13:55:35,686][Thread-106:10428][task_id:root][views.py:22][INFO][Accessing Page /article with showPages]
[2018-10-05 13:55:35,692][Thread-107:10432][task_id:root][views.py:22][INFO][Accessing Page /pContent with showPages]
[2018-10-05 13:55:35,692][Thread-107:10432][task_id:ShadowInk.mysqlConnector][mysqlConnector.py:145][INFO][Getting articles]
[2018-10-05 13:55:35,724][Thread-108:10436][task_id:root][views.py:97][INFO][Accessing Page /image/barbk.jpg with showPath]
[2018-10-05 13:55:35,844][Thread-109:10440][task_id:root][views.py:97][INFO][Accessing Page /bin/jquery.js with showPath]
[2018-10-05 13:55:35,846][Thread-110:10444][task_id:root][views.py:97][INFO][Accessing Page /article_files/article.css with showPath]
[2018-10-05 13:55:35,850][Thread-111:10448][task_id:root][views.py:97][INFO][Accessing Page /article_files/article.js with showPath]
[2018-10-05 13:55:35,853][Thread-112:10452][task_id:root][views.py:97][INFO][Accessing Page /bin/jquery.js with showPath]
[2018-10-05 13:55:35,857][Thread-113:10456][task_id:root][views.py:97][INFO][Accessing Page /pages/pContent.css with showPath]
[2018-10-05 13:55:35,869][Thread-114:10460][task_id:root][views.py:97][INFO][Accessing Page /my_files/my.js with showPath]
[2018-10-05 13:55:35,970][Thread-115:10464][task_id:root][views.py:97][INFO][Accessing Page /pages/slide.js with showPath]
[2018-10-05 13:55:36,018][Thread-116:10468][task_id:root][views.py:97][INFO][Accessing Page /image/lt.jpg with showPath]
[2018-10-05 13:55:36,098][Thread-117:10472][task_id:root][views.py:97][INFO][Accessing Page /image/bk.jpg with showPath]
[2018-10-05 13:55:36,101][Thread-118:10476][task_id:root][views.py:97][INFO][Accessing Page /image/barbk.jpg with showPath]
[2018-10-05 13:55:36,103][Thread-119:10480][task_id:root][views.py:125][INFO][Accessing Page /little_1538712262.jpg with showPath]
[2018-10-05 13:55:36,227][Thread-120:10484][task_id:root][views.py:22][INFO][Accessing Page /explore with showPages]
[2018-10-05 13:55:36,351][Thread-121:10488][task_id:root][views.py:97][INFO][Accessing Page /bin/jquery.js with showPath]
[2018-10-05 13:55:36,354][Thread-122:10492][task_id:root][views.py:97][INFO][Accessing Page /my_files/my.css with showPath]
[2018-10-05 13:55:36,356][Thread-123:10496][task_id:root][views.py:97][INFO][Accessing Page /my_files/my.js with showPath]
[2018-10-05 13:55:36,360][Thread-124:10500][task_id:root][views.py:97][INFO][Accessing Page /image/1.png with showPath]
[2018-10-05 13:55:36,488][Thread-127:10512][task_id:root][views.py:97][INFO][Accessing Page /image/barbk.jpg with showPath]
[2018-10-05 13:55:36,491][Thread-125:10504][task_id:root][views.py:22][INFO][Accessing Page /article with showPages]
[2018-10-05 13:55:36,493][Thread-126:10508][task_id:root][views.py:22][INFO][Accessing Page /pContent with showPages]
[2018-10-05 13:55:36,494][Thread-126:10508][task_id:ShadowInk.mysqlConnector][mysqlConnector.py:145][INFO][Getting articles]
[2018-10-05 13:55:36,594][Thread-128:10516][task_id:root][views.py:97][INFO][Accessing Page /bin/jquery.js with showPath]
[2018-10-05 13:55:36,596][Thread-129:10520][task_id:root][views.py:97][INFO][Accessing Page /article_files/article.css with showPath]
[2018-10-05 13:55:36,598][Thread-130:10524][task_id:root][views.py:97][INFO][Accessing Page /article_files/article.js with showPath]
[2018-10-05 13:55:36,603][Thread-131:10528][task_id:root][views.py:97][INFO][Accessing Page /bin/jquery.js with showPath]
[2018-10-05 13:55:36,605][Thread-132:10532][task_id:root][views.py:97][INFO][Accessing Page /my_files/my.js with showPath]
[2018-10-05 13:55:36,620][Thread-133:10536][task_id:root][views.py:97][INFO][Accessing Page /pages/pContent.css with showPath]
[2018-10-05 13:55:36,635][Thread-134:10540][task_id:root][views.py:97][INFO][Accessing Page /pages/slide.js with showPath]
[2018-10-05 13:55:36,756][Thread-135:10544][task_id:root][views.py:97][INFO][Accessing Page /image/lt.jpg with showPath]
[2018-10-05 13:55:36,769][Thread-136:10548][task_id:root][views.py:97][INFO][Accessing Page /image/bk.jpg with showPath]
[2018-10-05 13:55:36,788][Thread-137:10552][task_id:root][views.py:97][INFO][Accessing Page /image/barbk.jpg with showPath]
[2018-10-05 13:55:36,856][Thread-138:10556][task_id:root][views.py:125][INFO][Accessing Page /little_1538712262.jpg with showPath]
[2018-10-05 13:57:35,907][Thread-139:9540][task_id:root][views.py:16][INFO][Accessing Page / with showMainPage]
[2018-10-05 13:57:36,451][Thread-140:10696][task_id:root][views.py:21][INFO][Accessing Page /login with showPages]
[2018-10-05 13:57:36,651][Thread-141:10692][task_id:root][views.py:97][INFO][Accessing Page /login_files/login.css with showPath]
[2018-10-05 13:57:36,818][Thread-142:10736][task_id:root][views.py:97][INFO][Accessing Page /login_files/patternLock.min.js with showPath]
[2018-10-05 13:57:36,837][Thread-143:10764][task_id:root][views.py:97][INFO][Accessing Page /login_files/login.js with showPath]
[2018-10-05 13:57:36,841][Thread-144:10660][task_id:root][views.py:97][INFO][Accessing Page /bin/jquery.js with showPath]
[2018-10-05 13:57:37,058][Thread-145:10780][task_id:root][views.py:97][INFO][Accessing Page /image/icon.png with showPath]
[2018-10-05 13:57:37,305][Thread-146:8536][task_id:root][views.py:97][INFO][Accessing Page /image/bk.jpg with showPath]
[2018-10-05 13:57:37,312][Thread-147:8104][task_id:root][views.py:97][INFO][Accessing Page /login_files/icon_2x.png with showPath]
[2018-10-05 13:57:39,745][Thread-148:8700][task_id:root][views.py:97][INFO][Accessing Page /favicon.ico with showPath]
[2018-10-05 13:59:28,644][Thread-149:10744][task_id:root][views.py:16][INFO][Accessing Page / with showMainPage]
[2018-10-05 13:59:28,811][Thread-150:10716][task_id:root][views.py:21][INFO][Accessing Page /login with showPages]
[2018-10-05 13:59:28,975][Thread-151:9268][task_id:root][views.py:97][INFO][Accessing Page /login_files/login.css with showPath]
[2018-10-05 13:59:28,990][Thread-152:2292][task_id:root][views.py:97][INFO][Accessing Page /login_files/patternLock.min.js with showPath]
[2018-10-05 13:59:29,142][Thread-153:10752][task_id:root][views.py:97][INFO][Accessing Page /bin/jquery.js with showPath]
[2018-10-05 13:59:29,158][Thread-154:10708][task_id:root][views.py:97][INFO][Accessing Page /login_files/login.js with showPath]
[2018-10-05 13:59:29,301][Thread-155:7220][task_id:root][views.py:97][INFO][Accessing Page /image/icon.png with showPath]
[2018-10-05 13:59:29,895][Thread-156:9980][task_id:root][views.py:97][INFO][Accessing Page /image/bk.jpg with showPath]
[2018-10-05 13:59:29,905][Thread-157:8540][task_id:root][views.py:97][INFO][Accessing Page /login_files/icon_2x.png with showPath]
[2018-10-05 13:59:32,056][Thread-158:10688][task_id:root][views.py:97][INFO][Accessing Page /favicon.ico with showPath]
[2018-10-05 13:59:36,286][Thread-159:10700][task_id:root][views.py:21][INFO][Accessing Page /login with showPages]
[2018-10-05 13:59:36,287][Thread-159:10700][task_id:ShadowInk.mysqlConnector][mysqlConnector.py:63][INFO][Checking password, name:little, password:driver]
[2018-10-05 13:59:37,004][Thread-160:10712][task_id:root][views.py:97][INFO][Accessing Page /login_files/login.css with showPath]
[2018-10-05 13:59:37,008][Thread-161:10824][task_id:root][views.py:97][INFO][Accessing Page /login_files/patternLock.min.js with showPath]
[2018-10-05 13:59:37,192][Thread-162:10784][task_id:root][views.py:97][INFO][Accessing Page /image/icon.png with showPath]
[2018-10-05 13:59:37,237][Thread-163:10896][task_id:root][views.py:97][INFO][Accessing Page /image/bk.jpg with showPath]
[2018-10-05 13:59:39,187][Thread-164:11128][task_id:root][views.py:97][INFO][Accessing Page /favicon.ico with showPath]
[2018-10-05 13:59:42,208][Thread-165:5928][task_id:root][views.py:22][INFO][Accessing Page /explore with showPages]
[2018-10-05 13:59:42,375][Thread-166:6368][task_id:root][views.py:97][INFO][Accessing Page /my_files/my.css with showPath]
[2018-10-05 13:59:42,390][Thread-167:10704][task_id:root][views.py:97][INFO][Accessing Page /bin/jquery.js with showPath]
[2018-10-05 13:59:42,556][Thread-168:10676][task_id:root][views.py:97][INFO][Accessing Page /my_files/my.js with showPath]
[2018-10-05 13:59:42,701][Thread-169:11048][task_id:root][views.py:97][INFO][Accessing Page /image/1.png with showPath]
[2018-10-05 13:59:42,875][Thread-170:10776][task_id:root][views.py:22][INFO][Accessing Page /article with showPages]
[2018-10-05 13:59:42,879][Thread-171:10772][task_id:root][views.py:22][INFO][Accessing Page /pContent with showPages]
[2018-10-05 13:59:42,880][Thread-171:10772][task_id:ShadowInk.mysqlConnector][mysqlConnector.py:145][INFO][Getting articles]
[2018-10-05 13:59:42,888][Thread-172:10844][task_id:root][views.py:97][INFO][Accessing Page /image/barbk.jpg with showPath]
[2018-10-05 13:59:43,098][Thread-173:5028][task_id:root][views.py:97][INFO][Accessing Page /pages/pContent.css with showPath]
[2018-10-05 13:59:43,106][Thread-174:10828][task_id:root][views.py:97][INFO][Accessing Page /article_files/article.css with showPath]
[2018-10-05 13:59:43,112][Thread-175:10768][task_id:root][views.py:97][INFO][Accessing Page /bin/jquery.js with showPath]
[2018-10-05 13:59:43,120][Thread-176:6616][task_id:root][views.py:97][INFO][Accessing Page /bin/jquery.js with showPath]
[2018-10-05 13:59:43,124][Thread-177:10840][task_id:root][views.py:97][INFO][Accessing Page /article_files/article.js with showPath]
[2018-10-05 13:59:43,351][Thread-178:10284][task_id:root][views.py:97][INFO][Accessing Page /my_files/my.js with showPath]
[2018-10-05 13:59:43,386][Thread-179:10728][task_id:root][views.py:97][INFO][Accessing Page /image/lt.jpg with showPath]
[2018-10-05 13:59:43,433][Thread-180:10268][task_id:root][views.py:97][INFO][Accessing Page /pages/slide.js with showPath]
[2018-10-05 13:59:43,622][Thread-181:10348][task_id:root][views.py:97][INFO][Accessing Page /image/bk.jpg with showPath]
[2018-10-05 13:59:43,655][Thread-182:10280][task_id:root][views.py:97][INFO][Accessing Page /image/barbk.jpg with showPath]
[2018-10-05 13:59:44,226][Thread-183:10720][task_id:root][views.py:125][INFO][Accessing Page /little_1538712262.jpg with showPath]
[2018-10-05 13:59:48,331][Thread-184:10588][task_id:root][views.py:22][INFO][Accessing Page /explore with showPages]
[2018-10-05 13:59:48,533][Thread-185:10368][task_id:root][views.py:97][INFO][Accessing Page /my_files/my.css with showPath]
[2018-10-05 13:59:48,545][Thread-186:10392][task_id:root][views.py:97][INFO][Accessing Page /bin/jquery.js with showPath]
[2018-10-05 13:59:48,557][Thread-187:9080][task_id:root][views.py:97][INFO][Accessing Page /my_files/my.js with showPath]
[2018-10-05 13:59:48,650][Thread-188:10352][task_id:root][views.py:97][INFO][Accessing Page /image/1.png with showPath]
[2018-10-05 13:59:50,809][Thread-189:3296][task_id:root][views.py:22][INFO][Accessing Page /article with showPages]
[2018-10-05 13:59:50,827][Thread-190:10884][task_id:root][views.py:22][INFO][Accessing Page /pContent with showPages]
[2018-10-05 13:59:50,828][Thread-190:10884][task_id:ShadowInk.mysqlConnector][mysqlConnector.py:145][INFO][Getting articles]
[2018-10-05 13:59:50,830][Thread-191:10936][task_id:root][views.py:97][INFO][Accessing Page /image/barbk.jpg with showPath]
[2018-10-05 13:59:51,018][Thread-192:8968][task_id:root][views.py:97][INFO][Accessing Page /article_files/article.css with showPath]
[2018-10-05 13:59:51,028][Thread-193:10816][task_id:root][views.py:97][INFO][Accessing Page /pages/pContent.css with showPath]
[2018-10-05 13:59:51,035][Thread-194:8832][task_id:root][views.py:97][INFO][Accessing Page /bin/jquery.js with showPath]
[2018-10-05 13:59:51,071][Thread-195:10796][task_id:root][views.py:97][INFO][Accessing Page /article_files/article.js with showPath]
[2018-10-05 13:59:51,081][Thread-196:6788][task_id:root][views.py:97][INFO][Accessing Page /bin/jquery.js with showPath]
[2018-10-05 13:59:51,307][Thread-197:10624][task_id:root][views.py:97][INFO][Accessing Page /my_files/my.js with showPath]
[2018-10-05 13:59:51,320][Thread-198:10948][task_id:root][views.py:97][INFO][Accessing Page /pages/slide.js with showPath]
[2018-10-05 13:59:51,333][Thread-199:7512][task_id:root][views.py:97][INFO][Accessing Page /image/lt.jpg with showPath]
[2018-10-05 13:59:51,554][Thread-200:10928][task_id:root][views.py:97][INFO][Accessing Page /image/bk.jpg with showPath]
[2018-10-05 13:59:51,569][Thread-201:11044][task_id:root][views.py:97][INFO][Accessing Page /image/barbk.jpg with showPath]
[2018-10-05 13:59:52,195][Thread-202:10400][task_id:root][views.py:125][INFO][Accessing Page /little_1538712262.jpg with showPath]
[2018-10-05 13:59:58,090][Thread-203:8392][task_id:root][views.py:97][INFO][Accessing Page /favicon.ico with showPath]
[2018-10-05 14:00:44,886][Thread-204:10500][task_id:root][views.py:22][INFO][Accessing Page /explore with showPages]
[2018-10-05 14:00:44,917][Thread-205:3932][task_id:root][views.py:97][INFO][Accessing Page /bin/jquery.js with showPath]
[2018-10-05 14:00:44,920][Thread-206:10924][task_id:root][views.py:97][INFO][Accessing Page /my_files/my.js with showPath]
[2018-10-05 14:00:44,923][Thread-207:11052][task_id:root][views.py:97][INFO][Accessing Page /my_files/my.css with showPath]
[2018-10-05 14:00:44,927][Thread-208:11060][task_id:root][views.py:97][INFO][Accessing Page /image/1.png with showPath]
[2018-10-05 14:00:45,087][Thread-211:11076][task_id:root][views.py:97][INFO][Accessing Page /image/barbk.jpg with showPath]
[2018-10-05 14:00:45,090][Thread-209:11072][task_id:root][views.py:22][INFO][Accessing Page /article with showPages]
[2018-10-05 14:00:45,093][Thread-210:11068][task_id:root][views.py:22][INFO][Accessing Page /pContent with showPages]
[2018-10-05 14:00:45,094][Thread-210:11068][task_id:ShadowInk.mysqlConnector][mysqlConnector.py:145][INFO][Getting articles]
[2018-10-05 14:00:45,202][Thread-212:11080][task_id:root][views.py:97][INFO][Accessing Page /bin/jquery.js with showPath]
[2018-10-05 14:00:45,204][Thread-213:11032][task_id:root][views.py:97][INFO][Accessing Page /article_files/article.css with showPath]
[2018-10-05 14:00:45,217][Thread-214:11084][task_id:root][views.py:97][INFO][Accessing Page /article_files/article.js with showPath]
[2018-10-05 14:00:45,229][Thread-215:11088][task_id:root][views.py:97][INFO][Accessing Page /bin/jquery.js with showPath]
[2018-10-05 14:00:45,232][Thread-216:11092][task_id:root][views.py:97][INFO][Accessing Page /my_files/my.js with showPath]
[2018-10-05 14:00:45,234][Thread-217:11096][task_id:root][views.py:97][INFO][Accessing Page /pages/pContent.css with showPath]
[2018-10-05 14:00:45,239][Thread-218:11100][task_id:root][views.py:97][INFO][Accessing Page /pages/slide.js with showPath]
[2018-10-05 14:00:45,386][Thread-219:11188][task_id:root][views.py:97][INFO][Accessing Page /image/lt.jpg with showPath]
[2018-10-05 14:00:45,388][Thread-220:10880][task_id:root][views.py:97][INFO][Accessing Page /image/bk.jpg with showPath]
[2018-10-05 14:00:45,458][Thread-221:10416][task_id:root][views.py:97][INFO][Accessing Page /image/barbk.jpg with showPath]
[2018-10-05 14:00:45,461][Thread-222:10420][task_id:root][views.py:125][INFO][Accessing Page /little_1538712262.jpg with showPath]
[2018-10-05 14:00:45,550][Thread-223:10756][task_id:root][views.py:22][INFO][Accessing Page /explore with showPages]
[2018-10-05 14:00:45,640][Thread-224:10968][task_id:root][views.py:97][INFO][Accessing Page /bin/jquery.js with showPath]
[2018-10-05 14:00:45,641][Thread-225:10964][task_id:root][views.py:97][INFO][Accessing Page /my_files/my.css with showPath]
[2018-10-05 14:00:45,643][Thread-226:10972][task_id:root][views.py:97][INFO][Accessing Page /my_files/my.js with showPath]
[2018-10-05 14:00:45,645][Thread-227:10980][task_id:root][views.py:97][INFO][Accessing Page /image/1.png with showPath]
[2018-10-05 14:00:45,778][Thread-230:10892][task_id:root][views.py:97][INFO][Accessing Page /image/barbk.jpg with showPath]
[2018-10-05 14:00:45,780][Thread-228:10976][task_id:root][views.py:22][INFO][Accessing Page /article with showPages]
[2018-10-05 14:00:45,783][Thread-229:10984][task_id:root][views.py:22][INFO][Accessing Page /pContent with showPages]
[2018-10-05 14:00:45,784][Thread-229:10984][task_id:ShadowInk.mysqlConnector][mysqlConnector.py:145][INFO][Getting articles]
[2018-10-05 14:00:45,861][Thread-231:10988][task_id:root][views.py:97][INFO][Accessing Page /article_files/article.css with showPath]
[2018-10-05 14:00:45,863][Thread-232:10992][task_id:root][views.py:97][INFO][Accessing Page /bin/jquery.js with showPath]
[2018-10-05 14:00:45,866][Thread-233:10996][task_id:root][views.py:97][INFO][Accessing Page /article_files/article.js with showPath]
[2018-10-05 14:00:45,880][Thread-234:11000][task_id:root][views.py:97][INFO][Accessing Page /pages/pContent.css with showPath]
[2018-10-05 14:00:45,890][Thread-235:11008][task_id:root][views.py:97][INFO][Accessing Page /bin/jquery.js with showPath]
[2018-10-05 14:00:45,902][Thread-236:11172][task_id:root][views.py:97][INFO][Accessing Page /my_files/my.js with showPath]
[2018-10-05 14:00:45,932][Thread-237:10456][task_id:root][views.py:97][INFO][Accessing Page /pages/slide.js with showPath]
[2018-10-05 14:00:46,071][Thread-238:10496][task_id:root][views.py:97][INFO][Accessing Page /image/lt.jpg with showPath]
[2018-10-05 14:00:46,083][Thread-239:11004][task_id:root][views.py:97][INFO][Accessing Page /image/bk.jpg with showPath]
[2018-10-05 14:00:46,087][Thread-240:5108][task_id:root][views.py:97][INFO][Accessing Page /image/barbk.jpg with showPath]
[2018-10-05 14:00:46,141][Thread-241:4700][task_id:root][views.py:125][INFO][Accessing Page /little_1538712262.jpg with showPath]
[2018-10-05 14:00:46,242][Thread-242:9828][task_id:root][views.py:97][INFO][Accessing Page /favicon.ico with showPath]
[2018-10-05 14:00:56,632][Thread-243:9240][task_id:root][views.py:16][INFO][Accessing Page / with showMainPage]
[2018-10-05 14:00:56,654][Thread-244:9052][task_id:root][views.py:21][INFO][Accessing Page /login with showPages]
[2018-10-05 14:00:56,740][Thread-245:10304][task_id:root][views.py:97][INFO][Accessing Page /login_files/login.css with showPath]
[2018-10-05 14:00:56,743][Thread-246:5944][task_id:root][views.py:97][INFO][Accessing Page /login_files/patternLock.min.js with showPath]
[2018-10-05 14:00:56,745][Thread-247:7024][task_id:root][views.py:97][INFO][Accessing Page /bin/jquery.js with showPath]
[2018-10-05 14:00:56,750][Thread-248:10312][task_id:root][views.py:97][INFO][Accessing Page /login_files/login.js with showPath]
[2018-10-05 14:00:56,753][Thread-249:10424][task_id:root][views.py:97][INFO][Accessing Page /image/icon.png with showPath]
[2018-10-05 14:00:56,866][Thread-250:6548][task_id:root][views.py:97][INFO][Accessing Page /image/bk.jpg with showPath]
[2018-10-05 14:00:56,869][Thread-251:10360][task_id:root][views.py:97][INFO][Accessing Page /login_files/icon_2x.png with showPath]
[2018-10-05 14:01:01,463][Thread-252:7880][task_id:root][views.py:21][INFO][Accessing Page /login with showPages]
[2018-10-05 14:01:01,464][Thread-252:7880][task_id:ShadowInk.mysqlConnector][mysqlConnector.py:63][INFO][Checking password, name:little, password:driver]
[2018-10-05 14:01:01,995][Thread-253:10300][task_id:root][views.py:97][INFO][Accessing Page /login_files/login.css with showPath]
[2018-10-05 14:01:01,997][Thread-254:6564][task_id:root][views.py:97][INFO][Accessing Page /login_files/patternLock.min.js with showPath]
[2018-10-05 14:01:02,001][Thread-255:8864][task_id:root][views.py:97][INFO][Accessing Page /image/icon.png with showPath]
[2018-10-05 14:01:02,057][Thread-256:8836][task_id:root][views.py:97][INFO][Accessing Page /image/bk.jpg with showPath]
[2018-10-05 14:01:05,092][Thread-257:9000][task_id:root][views.py:22][INFO][Accessing Page /explore with showPages]
[2018-10-05 14:01:05,142][Thread-258:9908][task_id:root][views.py:97][INFO][Accessing Page /bin/jquery.js with showPath]
[2018-10-05 14:01:05,159][Thread-259:7212][task_id:root][views.py:97][INFO][Accessing Page /my_files/my.js with showPath]
[2018-10-05 14:01:05,169][Thread-260:8380][task_id:root][views.py:97][INFO][Accessing Page /my_files/my.css with showPath]
[2018-10-05 14:01:05,172][Thread-261:7004][task_id:root][views.py:97][INFO][Accessing Page /image/1.png with showPath]
[2018-10-05 14:01:05,275][Thread-262:8448][task_id:root][views.py:22][INFO][Accessing Page /article with showPages]
[2018-10-05 14:01:05,278][Thread-263:5520][task_id:root][views.py:22][INFO][Accessing Page /pContent with showPages]
[2018-10-05 14:01:05,278][Thread-263:5520][task_id:ShadowInk.mysqlConnector][mysqlConnector.py:145][INFO][Getting articles]
[2018-10-05 14:01:05,308][Thread-264:1920][task_id:root][views.py:97][INFO][Accessing Page /image/barbk.jpg with showPath]
[2018-10-05 14:01:05,410][Thread-265:10476][task_id:root][views.py:97][INFO][Accessing Page /bin/jquery.js with showPath]
[2018-10-05 14:01:05,426][Thread-266:292][task_id:root][views.py:97][INFO][Accessing Page /article_files/article.css with showPath]
[2018-10-05 14:01:05,428][Thread-267:2560][task_id:root][views.py:97][INFO][Accessing Page /article_files/article.js with showPath]
[2018-10-05 14:01:05,430][Thread-268:9800][task_id:root][views.py:97][INFO][Accessing Page /bin/jquery.js with showPath]
[2018-10-05 14:01:05,434][Thread-269:3656][task_id:root][views.py:97][INFO][Accessing Page /my_files/my.js with showPath]
[2018-10-05 14:01:05,443][Thread-270:8752][task_id:root][views.py:97][INFO][Accessing Page /pages/pContent.css with showPath]
[2018-10-05 14:01:05,538][Thread-271:9468][task_id:root][views.py:97][INFO][Accessing Page /pages/slide.js with showPath]
[2018-10-05 14:01:05,651][Thread-272:7848][task_id:root][views.py:97][INFO][Accessing Page /image/lt.jpg with showPath]
[2018-10-05 14:01:05,663][Thread-273:6300][task_id:root][views.py:97][INFO][Accessing Page /image/bk.jpg with showPath]
[2018-10-05 14:01:05,676][Thread-274:3420][task_id:root][views.py:97][INFO][Accessing Page /image/barbk.jpg with showPath]
[2018-10-05 14:01:05,678][Thread-275:4864][task_id:root][views.py:125][INFO][Accessing Page /little_1538712262.jpg with showPath]
[2018-10-05 14:01:05,760][Thread-276:10628][task_id:root][views.py:22][INFO][Accessing Page /explore with showPages]
[2018-10-05 14:01:05,844][Thread-277:9540][task_id:root][views.py:97][INFO][Accessing Page /bin/jquery.js with showPath]
[2018-10-05 14:01:05,847][Thread-278:10696][task_id:root][views.py:97][INFO][Accessing Page /my_files/my.js with showPath]
[2018-10-05 14:01:05,849][Thread-279:10692][task_id:root][views.py:97][INFO][Accessing Page /my_files/my.css with showPath]
[2018-10-05 14:01:05,853][Thread-280:10736][task_id:root][views.py:97][INFO][Accessing Page /image/1.png with showPath]
[2018-10-05 14:01:05,970][Thread-281:10764][task_id:root][views.py:22][INFO][Accessing Page /article with showPages]
[2018-10-05 14:01:05,972][Thread-282:10848][task_id:root][views.py:22][INFO][Accessing Page /pContent with showPages]
[2018-10-05 14:01:05,973][Thread-282:10848][task_id:ShadowInk.mysqlConnector][mysqlConnector.py:145][INFO][Getting articles]
[2018-10-05 14:01:05,992][Thread-283:10660][task_id:root][views.py:97][INFO][Accessing Page /image/barbk.jpg with showPath]
[2018-10-05 14:01:06,024][Thread-284:10780][task_id:root][views.py:97][INFO][Accessing Page /article_files/article.css with showPath]
[2018-10-05 14:01:06,025][Thread-285:8536][task_id:root][views.py:97][INFO][Accessing Page /bin/jquery.js with showPath]
[2018-10-05 14:01:06,027][Thread-286:8104][task_id:root][views.py:97][INFO][Accessing Page /article_files/article.js with showPath]
[2018-10-05 14:01:06,029][Thread-287:1980][task_id:root][views.py:97][INFO][Accessing Page /bin/jquery.js with showPath]
[2018-10-05 14:01:06,047][Thread-288:8996][task_id:root][views.py:97][INFO][Accessing Page /my_files/my.js with showPath]
[2018-10-05 14:01:06,072][Thread-289:10684][task_id:root][views.py:97][INFO][Accessing Page /pages/pContent.css with showPath]
[2018-10-05 14:01:06,141][Thread-290:11168][task_id:root][views.py:97][INFO][Accessing Page /pages/slide.js with showPath]
[2018-10-05 14:01:06,154][Thread-291:10328][task_id:root][views.py:97][INFO][Accessing Page /image/lt.jpg with showPath]
[2018-10-05 14:01:06,280][Thread-292:10332][task_id:root][views.py:97][INFO][Accessing Page /image/bk.jpg with showPath]
[2018-10-05 14:01:06,283][Thread-293:10916][task_id:root][views.py:97][INFO][Accessing Page /image/barbk.jpg with showPath]
[2018-10-05 14:01:06,306][Thread-294:8700][task_id:root][views.py:125][INFO][Accessing Page /little_1538712262.jpg with showPath]
[2018-10-05 14:01:30,590][Thread-295:11132][task_id:root][views.py:22][INFO][Accessing Page /explore with showPages]
[2018-10-05 14:01:30,673][Thread-296:4232][task_id:root][views.py:97][INFO][Accessing Page /bin/jquery.js with showPath]
[2018-10-05 14:01:30,673][Thread-297:10632][task_id:root][views.py:97][INFO][Accessing Page /my_files/my.js with showPath]
[2018-10-05 14:01:30,673][Thread-298:8068][task_id:root][views.py:97][INFO][Accessing Page /my_files/my.css with showPath]
[2018-10-05 14:01:30,686][Thread-299:8348][task_id:root][views.py:97][INFO][Accessing Page /image/1.png with showPath]
[2018-10-05 14:01:30,825][Thread-300:9516][task_id:root][views.py:22][INFO][Accessing Page /article with showPages]
[2018-10-05 14:01:30,828][Thread-301:9132][task_id:root][views.py:22][INFO][Accessing Page /pContent with showPages]
[2018-10-05 14:01:30,829][Thread-301:9132][task_id:ShadowInk.mysqlConnector][mysqlConnector.py:145][INFO][Getting articles]
[2018-10-05 14:01:30,853][Thread-302:10432][task_id:root][views.py:97][INFO][Accessing Page /image/barbk.jpg with showPath]
[2018-10-05 14:01:30,913][Thread-303:2176][task_id:root][views.py:97][INFO][Accessing Page /bin/jquery.js with showPath]
[2018-10-05 14:01:30,917][Thread-304:6800][task_id:root][views.py:97][INFO][Accessing Page /article_files/article.css with showPath]
[2018-10-05 14:01:30,919][Thread-305:6220][task_id:root][views.py:97][INFO][Accessing Page /article_files/article.js with showPath]
[2018-10-05 14:01:30,971][Thread-306:10820][task_id:root][views.py:97][INFO][Accessing Page /bin/jquery.js with showPath]
[2018-10-05 14:01:30,975][Thread-307:10804][task_id:root][views.py:97][INFO][Accessing Page /my_files/my.js with showPath]
[2018-10-05 14:01:30,987][Thread-308:10724][task_id:root][views.py:97][INFO][Accessing Page /pages/pContent.css with showPath]
[2018-10-05 14:01:31,059][Thread-309:8484][task_id:root][views.py:97][INFO][Accessing Page /pages/slide.js with showPath]
[2018-10-05 14:01:31,073][Thread-310:9696][task_id:root][views.py:97][INFO][Accessing Page /image/lt.jpg with showPath]
[2018-10-05 14:01:31,165][Thread-311:9592][task_id:root][views.py:97][INFO][Accessing Page /image/bk.jpg with showPath]
[2018-10-05 14:01:31,168][Thread-312:8132][task_id:root][views.py:97][INFO][Accessing Page /image/barbk.jpg with showPath]
[2018-10-05 14:01:31,169][Thread-313:6340][task_id:root][views.py:125][INFO][Accessing Page /little_1538712262.jpg with showPath]
[2018-10-05 14:01:31,358][Thread-314:6468][task_id:root][views.py:22][INFO][Accessing Page /explore with showPages]
[2018-10-05 14:01:31,443][Thread-315:6032][task_id:root][views.py:97][INFO][Accessing Page /bin/jquery.js with showPath]
[2018-10-05 14:01:31,444][Thread-316:7476][task_id:root][views.py:97][INFO][Accessing Page /my_files/my.js with showPath]
[2018-10-05 14:01:31,447][Thread-317:7100][task_id:root][views.py:97][INFO][Accessing Page /my_files/my.css with showPath]
[2018-10-05 14:01:31,450][Thread-318:7948][task_id:root][views.py:97][INFO][Accessing Page /image/1.png with showPath]
[2018-10-05 14:01:31,589][Thread-321:10148][task_id:root][views.py:97][INFO][Accessing Page /image/barbk.jpg with showPath]
[2018-10-05 14:01:31,591][Thread-319:6672][task_id:root][views.py:22][INFO][Accessing Page /article with showPages]
[2018-10-05 14:01:31,593][Thread-320:7884][task_id:root][views.py:22][INFO][Accessing Page /pContent with showPages]
[2018-10-05 14:01:31,597][Thread-320:7884][task_id:ShadowInk.mysqlConnector][mysqlConnector.py:145][INFO][Getting articles]
[2018-10-05 14:01:31,641][Thread-322:9868][task_id:root][views.py:97][INFO][Accessing Page /article_files/article.css with showPath]
[2018-10-05 14:01:31,643][Thread-323:9536][task_id:root][views.py:97][INFO][Accessing Page /bin/jquery.js with showPath]
[2018-10-05 14:01:31,645][Thread-324:6512][task_id:root][views.py:97][INFO][Accessing Page /article_files/article.js with showPath]
[2018-10-05 14:01:31,648][Thread-325:3504][task_id:root][views.py:97][INFO][Accessing Page /bin/jquery.js with showPath]
[2018-10-05 14:01:31,651][Thread-326:9888][task_id:root][views.py:97][INFO][Accessing Page /my_files/my.js with showPath]
[2018-10-05 14:01:31,655][Thread-327:7844][task_id:root][views.py:97][INFO][Accessing Page /pages/pContent.css with showPath]
[2018-10-05 14:01:31,706][Thread-328:8656][task_id:root][views.py:97][INFO][Accessing Page /pages/slide.js with showPath]
[2018-10-05 14:01:31,720][Thread-329:8928][task_id:root][views.py:97][INFO][Accessing Page /image/lt.jpg with showPath]
[2018-10-05 14:01:31,831][Thread-330:6552][task_id:root][views.py:97][INFO][Accessing Page /image/bk.jpg with showPath]
[2018-10-05 14:01:31,834][Thread-331:9364][task_id:root][views.py:97][INFO][Accessing Page /image/barbk.jpg with showPath]
[2018-10-05 14:01:31,836][Thread-332:6524][task_id:root][views.py:125][INFO][Accessing Page /little_1538712262.jpg with showPath]
[2018-10-05 14:01:43,275][Thread-333:11240][task_id:root][views.py:16][INFO][Accessing Page / with showMainPage]
[2018-10-05 14:01:43,299][Thread-334:11232][task_id:root][views.py:21][INFO][Accessing Page /login with showPages]
[2018-10-05 14:01:43,391][Thread-335:10556][task_id:root][views.py:97][INFO][Accessing Page /login_files/login.css with showPath]
[2018-10-05 14:01:43,394][Thread-336:9864][task_id:root][views.py:97][INFO][Accessing Page /login_files/patternLock.min.js with showPath]
[2018-10-05 14:01:43,397][Thread-337:8628][task_id:root][views.py:97][INFO][Accessing Page /bin/jquery.js with showPath]
[2018-10-05 14:01:43,400][Thread-338:9852][task_id:root][views.py:97][INFO][Accessing Page /login_files/login.js with showPath]
[2018-10-05 14:01:43,411][Thread-339:10264][task_id:root][views.py:97][INFO][Accessing Page /image/icon.png with showPath]
[2018-10-05 14:01:43,577][Thread-340:10584][task_id:root][views.py:97][INFO][Accessing Page /image/bk.jpg with showPath]
[2018-10-05 14:01:43,580][Thread-341:8404][task_id:root][views.py:97][INFO][Accessing Page /login_files/icon_2x.png with showPath]
[2018-10-05 14:01:52,166][Thread-342:5908][task_id:root][views.py:21][INFO][Accessing Page /login with showPages]
[2018-10-05 14:01:52,167][Thread-342:5908][task_id:ShadowInk.mysqlConnector][mysqlConnector.py:63][INFO][Checking password, name:little, password:driver]
[2018-10-05 14:01:52,750][Thread-343:10388][task_id:root][views.py:97][INFO][Accessing Page /login_files/login.css with showPath]
[2018-10-05 14:01:52,752][Thread-344:10952][task_id:root][views.py:97][INFO][Accessing Page /login_files/patternLock.min.js with showPath]
[2018-10-05 14:01:52,755][Thread-345:9736][task_id:root][views.py:97][INFO][Accessing Page /image/icon.png with showPath]
[2018-10-05 14:01:52,806][Thread-346:8324][task_id:root][views.py:97][INFO][Accessing Page /image/bk.jpg with showPath]
[2018-10-05 14:01:55,844][Thread-347:11052][task_id:root][views.py:22][INFO][Accessing Page /explore with showPages]
[2018-10-05 14:01:55,876][Thread-348:11060][task_id:root][views.py:97][INFO][Accessing Page /bin/jquery.js with showPath]
[2018-10-05 14:01:55,878][Thread-349:11064][task_id:root][views.py:97][INFO][Accessing Page /my_files/my.js with showPath]
[2018-10-05 14:01:55,902][Thread-350:11076][task_id:root][views.py:97][INFO][Accessing Page /my_files/my.css with showPath]
[2018-10-05 14:01:55,921][Thread-351:11072][task_id:root][views.py:97][INFO][Accessing Page /image/1.png with showPath]
[2018-10-05 14:01:56,104][Thread-352:11068][task_id:root][views.py:22][INFO][Accessing Page /article with showPages]
[2018-10-05 14:01:56,141][Thread-354:11080][task_id:root][views.py:97][INFO][Accessing Page /image/barbk.jpg with showPath]
[2018-10-05 14:01:56,145][Thread-353:11032][task_id:root][views.py:22][INFO][Accessing Page /pContent with showPages]
[2018-10-05 14:01:56,146][Thread-353:11032][task_id:ShadowInk.mysqlConnector][mysqlConnector.py:145][INFO][Getting articles]
[2018-10-05 14:01:56,262][Thread-355:11084][task_id:root][views.py:97][INFO][Accessing Page /bin/jquery.js with showPath]
[2018-10-05 14:01:56,265][Thread-356:11088][task_id:root][views.py:97][INFO][Accessing Page /article_files/article.css with showPath]
[2018-10-05 14:01:56,268][Thread-357:11092][task_id:root][views.py:97][INFO][Accessing Page /article_files/article.js with showPath]
[2018-10-05 14:01:56,272][Thread-358:11096][task_id:root][views.py:97][INFO][Accessing Page /bin/jquery.js with showPath]
[2018-10-05 14:01:56,277][Thread-359:11100][task_id:root][views.py:97][INFO][Accessing Page /pages/pContent.css with showPath]
[2018-10-05 14:01:56,283][Thread-360:11188][task_id:root][views.py:97][INFO][Accessing Page /my_files/my.js with showPath]
[2018-10-05 14:01:56,350][Thread-361:10880][task_id:root][views.py:97][INFO][Accessing Page /pages/slide.js with showPath]
[2018-10-05 14:01:56,453][Thread-362:10420][task_id:root][views.py:97][INFO][Accessing Page /image/lt.jpg with showPath]
[2018-10-05 14:01:56,494][Thread-363:10416][task_id:root][views.py:97][INFO][Accessing Page /image/bk.jpg with showPath]
[2018-10-05 14:01:56,497][Thread-364:10756][task_id:root][views.py:97][INFO][Accessing Page /image/barbk.jpg with showPath]
[2018-10-05 14:01:56,499][Thread-365:10964][task_id:root][views.py:125][INFO][Accessing Page /little_1538712262.jpg with showPath]
[2018-10-05 14:01:56,618][Thread-366:10980][task_id:root][views.py:22][INFO][Accessing Page /explore with showPages]
[2018-10-05 14:01:56,654][Thread-367:10972][task_id:root][views.py:97][INFO][Accessing Page /bin/jquery.js with showPath]
[2018-10-05 14:01:56,656][Thread-368:10976][task_id:root][views.py:97][INFO][Accessing Page /my_files/my.js with showPath]
[2018-10-05 14:01:56,659][Thread-369:10892][task_id:root][views.py:97][INFO][Accessing Page /my_files/my.css with showPath]
[2018-10-05 14:01:56,662][Thread-370:10984][task_id:root][views.py:97][INFO][Accessing Page /image/1.png with showPath]
[2018-10-05 14:01:56,788][Thread-373:10992][task_id:root][views.py:97][INFO][Accessing Page /image/barbk.jpg with showPath]
[2018-10-05 14:01:56,791][Thread-371:10988][task_id:root][views.py:22][INFO][Accessing Page /article with showPages]
[2018-10-05 14:01:56,792][Thread-372:10996][task_id:root][views.py:22][INFO][Accessing Page /pContent with showPages]
[2018-10-05 14:01:56,793][Thread-372:10996][task_id:ShadowInk.mysqlConnector][mysqlConnector.py:145][INFO][Getting articles]
[2018-10-05 14:01:56,874][Thread-374:11000][task_id:root][views.py:97][INFO][Accessing Page /bin/jquery.js with showPath]
[2018-10-05 14:01:56,877][Thread-375:11008][task_id:root][views.py:97][INFO][Accessing Page /article_files/article.css with showPath]
[2018-10-05 14:01:56,879][Thread-376:11172][task_id:root][views.py:97][INFO][Accessing Page /article_files/article.js with showPath]
[2018-10-05 14:01:56,883][Thread-377:10456][task_id:root][views.py:97][INFO][Accessing Page /bin/jquery.js with showPath]
[2018-10-05 14:01:56,887][Thread-378:10496][task_id:root][views.py:97][INFO][Accessing Page /pages/pContent.css with showPath]
[2018-10-05 14:01:56,898][Thread-379:11004][task_id:root][views.py:97][INFO][Accessing Page /my_files/my.js with showPath]
[2018-10-05 14:01:56,998][Thread-380:3508][task_id:root][views.py:97][INFO][Accessing Page /pages/slide.js with showPath]
[2018-10-05 14:01:57,019][Thread-381:8848][task_id:root][views.py:97][INFO][Accessing Page /image/lt.jpg with showPath]
[2018-10-05 14:01:57,156][Thread-382:10512][task_id:root][views.py:97][INFO][Accessing Page /image/bk.jpg with showPath]
[2018-10-05 14:01:57,158][Thread-383:10472][task_id:root][views.py:97][INFO][Accessing Page /image/barbk.jpg with showPath]
[2018-10-05 14:01:57,162][Thread-384:10468][task_id:root][views.py:125][INFO][Accessing Page /little_1538712262.jpg with showPath]
[2018-10-05 14:05:55,729][Thread-1:8124][task_id:root][views.py:16][INFO][Accessing Page / with showMainPage]
[2018-10-05 14:05:56,827][Thread-3:10340][task_id:root][views.py:21][INFO][Accessing Page /login with showPages]
[2018-10-05 14:05:57,942][Thread-4:6332][task_id:root][views.py:97][INFO][Accessing Page /login_files/login.css with showPath]
[2018-10-05 14:05:57,945][Thread-5:10748][task_id:root][views.py:97][INFO][Accessing Page /bin/jquery.js with showPath]
[2018-10-05 14:05:58,198][Thread-6:10664][task_id:root][views.py:97][INFO][Accessing Page /image/icon.png with showPath]
[2018-10-05 14:05:58,200][Thread-7:9868][task_id:root][views.py:97][INFO][Accessing Page /login_files/login.js with showPath]
[2018-10-05 14:05:58,230][Thread-8:4188][task_id:root][views.py:97][INFO][Accessing Page /login_files/patternLock.min.js with showPath]
[2018-10-05 14:06:00,215][Thread-9:8344][task_id:root][views.py:97][INFO][Accessing Page /image/bk.jpg with showPath]
[2018-10-05 14:06:00,242][Thread-10:4632][task_id:root][views.py:97][INFO][Accessing Page /login_files/icon_2x.png with showPath]
[2018-10-05 14:06:02,591][Thread-11:10260][task_id:root][views.py:97][INFO][Accessing Page /favicon.ico with showPath]
[2018-10-05 14:06:05,729][Thread-12:4232][task_id:root][views.py:21][INFO][Accessing Page /login with showPages]
[2018-10-05 14:06:05,730][Thread-12:4232][task_id:ShadowInk.mysqlConnector][mysqlConnector.py:63][INFO][Checking password, name:little, password:driver]
[2018-10-05 14:06:07,446][Thread-13:8872][task_id:root][views.py:97][INFO][Accessing Page /login_files/patternLock.min.js with showPath]
[2018-10-05 14:06:07,449][Thread-14:10408][task_id:root][views.py:97][INFO][Accessing Page /image/icon.png with showPath]
[2018-10-05 14:06:07,686][Thread-15:8132][task_id:root][views.py:97][INFO][Accessing Page /login_files/login.css with showPath]
[2018-10-05 14:06:09,064][Thread-16:9244][task_id:root][views.py:97][INFO][Accessing Page /image/bk.jpg with showPath]
[2018-10-05 14:06:14,136][Thread-17:10588][task_id:root][views.py:22][INFO][Accessing Page /explore with showPages]
[2018-10-05 14:06:15,271][Thread-18:9268][task_id:root][views.py:97][INFO][Accessing Page /my_files/my.js with showPath]
[2018-10-05 14:06:15,282][Thread-19:2604][task_id:root][views.py:97][INFO][Accessing Page /my_files/my.css with showPath]
[2018-10-05 14:06:15,302][Thread-20:2472][task_id:root][views.py:97][INFO][Accessing Page /bin/jquery.js with showPath]
[2018-10-05 14:06:15,510][Thread-21:10708][task_id:root][views.py:97][INFO][Accessing Page /image/1.png with showPath]
[2018-10-05 14:06:17,094][Thread-22:10412][task_id:root][views.py:97][INFO][Accessing Page /image/barbk.jpg with showPath]
[2018-10-05 14:06:17,100][Thread-23:11044][task_id:root][views.py:22][INFO][Accessing Page /article with showPages]
[2018-10-05 14:06:17,349][Thread-24:8656][task_id:root][views.py:22][INFO][Accessing Page /pContent with showPages]
[2018-10-05 14:06:17,349][Thread-24:8656][task_id:ShadowInk.mysqlConnector][mysqlConnector.py:145][INFO][Getting articles]
[2018-10-05 14:06:18,418][Thread-25:10516][task_id:root][views.py:97][INFO][Accessing Page /article_files/article.js with showPath]
[2018-10-05 14:06:18,421][Thread-26:10528][task_id:root][views.py:97][INFO][Accessing Page /bin/jquery.js with showPath]
[2018-10-05 14:06:18,666][Thread-27:9736][task_id:root][views.py:97][INFO][Accessing Page /pages/pContent.css with showPath]
[2018-10-05 14:06:18,669][Thread-28:10852][task_id:root][views.py:97][INFO][Accessing Page /article_files/article.css with showPath]
[2018-10-05 14:06:18,673][Thread-29:6196][task_id:root][views.py:97][INFO][Accessing Page /bin/jquery.js with showPath]
[2018-10-05 14:06:18,987][Thread-30:8324][task_id:root][views.py:97][INFO][Accessing Page /my_files/my.js with showPath]
[2018-10-05 14:06:19,502][Thread-31:7572][task_id:root][views.py:97][INFO][Accessing Page /pages/slide.js with showPath]
[2018-10-05 14:06:19,955][Thread-32:8740][task_id:root][views.py:22][INFO][Accessing Page /explore with showPages]
[2018-10-05 14:06:20,072][Thread-33:8644][task_id:root][views.py:97][INFO][Accessing Page /image/lt.jpg with showPath]
[2018-10-05 14:06:20,630][Thread-34:10436][task_id:root][views.py:97][INFO][Accessing Page /image/bk.jpg with showPath]
[2018-10-05 14:06:21,064][Thread-35:3692][task_id:root][views.py:97][INFO][Accessing Page /bin/jquery.js with showPath]
[2018-10-05 14:06:21,067][Thread-36:11188][task_id:root][views.py:97][INFO][Accessing Page /my_files/my.js with showPath]
[2018-10-05 14:06:21,367][Thread-37:4796][task_id:root][views.py:125][INFO][Accessing Page /little_1538712262.jpg with showPath]
[2018-10-05 14:06:22,246][Thread-38:8364][task_id:root][views.py:97][INFO][Accessing Page /my_files/my.css with showPath]
[2018-10-05 14:06:22,603][Thread-39:9456][task_id:root][views.py:97][INFO][Accessing Page /image/1.png with showPath]
[2018-10-05 14:06:22,648][Thread-40:5196][task_id:root][views.py:22][INFO][Accessing Page /pContent with showPages]
[2018-10-05 14:06:22,650][Thread-40:5196][task_id:ShadowInk.mysqlConnector][mysqlConnector.py:145][INFO][Getting articles]
[2018-10-05 14:06:22,663][Thread-41:10604][task_id:root][views.py:22][INFO][Accessing Page /article with showPages]
[2018-10-05 14:06:22,741][Thread-42:7024][task_id:root][views.py:97][INFO][Accessing Page /image/barbk.jpg with showPath]
[2018-10-05 14:06:23,403][Thread-43:11260][task_id:root][views.py:97][INFO][Accessing Page /image/barbk.jpg with showPath]
[2018-10-05 14:06:23,763][Thread-44:7880][task_id:root][views.py:97][INFO][Accessing Page /my_files/my.js with showPath]
[2018-10-05 14:06:23,766][Thread-45:10360][task_id:root][views.py:97][INFO][Accessing Page /bin/jquery.js with showPath]
[2018-10-05 14:06:23,793][Thread-46:10900][task_id:root][views.py:97][INFO][Accessing Page /article_files/article.css with showPath]
[2018-10-05 14:06:23,795][Thread-47:10608][task_id:root][views.py:97][INFO][Accessing Page /bin/jquery.js with showPath]
[2018-10-05 14:06:24,661][Thread-48:8952][task_id:root][views.py:97][INFO][Accessing Page /pages/pContent.css with showPath]
[2018-10-05 14:06:24,826][Thread-49:11108][task_id:root][views.py:97][INFO][Accessing Page /article_files/article.js with showPath]
[2018-10-05 14:06:25,429][Thread-50:7968][task_id:root][views.py:97][INFO][Accessing Page /pages/slide.js with showPath]
[2018-10-05 14:06:25,461][Thread-51:9800][task_id:root][views.py:97][INFO][Accessing Page /image/bk.jpg with showPath]
[2018-10-05 14:06:25,464][Thread-52:11220][task_id:root][views.py:97][INFO][Accessing Page /image/lt.jpg with showPath]
[2018-10-05 14:06:25,486][Thread-53:8916][task_id:root][views.py:97][INFO][Accessing Page /image/barbk.jpg with showPath]
[2018-10-05 14:06:25,702][Thread-54:10684][task_id:root][views.py:125][INFO][Accessing Page /little_1538712262.jpg with showPath]
[2018-10-05 14:11:07,822][Thread-55:10868][task_id:root][views.py:16][INFO][Accessing Page / with showMainPage]
[2018-10-05 14:11:08,749][Thread-56:9440][task_id:root][views.py:21][INFO][Accessing Page /login with showPages]
[2018-10-05 14:11:09,611][Thread-57:10188][task_id:root][views.py:97][INFO][Accessing Page /login_files/patternLock.min.js with showPath]
[2018-10-05 14:11:09,614][Thread-58:6464][task_id:root][views.py:97][INFO][Accessing Page /login_files/login.css with showPath]
[2018-10-05 14:11:09,895][Thread-59:9488][task_id:root][views.py:97][INFO][Accessing Page /bin/jquery.js with showPath]
[2018-10-05 14:11:09,900][Thread-60:10444][task_id:root][views.py:97][INFO][Accessing Page /login_files/login.js with showPath]
[2018-10-05 14:11:10,972][Thread-61:10732][task_id:root][views.py:97][INFO][Accessing Page /image/icon.png with showPath]
[2018-10-05 14:11:11,528][Thread-62:9384][task_id:root][views.py:97][INFO][Accessing Page /image/bk.jpg with showPath]
[2018-10-05 14:11:11,772][Thread-63:9764][task_id:root][views.py:97][INFO][Accessing Page /login_files/icon_2x.png with showPath]
[2018-10-05 14:11:13,688][Thread-64:10680][task_id:root][views.py:97][INFO][Accessing Page /favicon.ico with showPath]
[2018-10-05 14:11:19,493][Thread-65:11036][task_id:root][views.py:21][INFO][Accessing Page /login with showPages]
[2018-10-05 14:11:19,494][Thread-65:11036][task_id:ShadowInk.mysqlConnector][mysqlConnector.py:63][INFO][Checking password, name:little, password:driver]
[2018-10-05 14:11:20,905][Thread-66:6340][task_id:root][views.py:97][INFO][Accessing Page /login_files/patternLock.min.js with showPath]
[2018-10-05 14:11:20,910][Thread-67:9772][task_id:root][views.py:97][INFO][Accessing Page /login_files/login.css with showPath]
[2018-10-05 14:11:21,766][Thread-68:10148][task_id:root][views.py:97][INFO][Accessing Page /image/icon.png with showPath]
[2018-10-05 14:11:22,057][Thread-69:9308][task_id:root][views.py:97][INFO][Accessing Page /image/bk.jpg with showPath]
[2018-10-05 14:11:24,547][Thread-70:6332][task_id:root][views.py:97][INFO][Accessing Page /favicon.ico with showPath]
[2018-10-05 14:11:27,285][Thread-71:4928][task_id:root][views.py:22][INFO][Accessing Page /explore with showPages]
[2018-10-05 14:11:28,143][Thread-72:10664][task_id:root][views.py:97][INFO][Accessing Page /my_files/my.js with showPath]
[2018-10-05 14:11:28,146][Thread-73:4188][task_id:root][views.py:97][INFO][Accessing Page /my_files/my.css with showPath]
[2018-10-05 14:11:28,407][Thread-74:360][task_id:root][views.py:97][INFO][Accessing Page /bin/jquery.js with showPath]
[2018-10-05 14:11:28,999][Thread-75:8732][task_id:root][views.py:97][INFO][Accessing Page /image/1.png with showPath]
[2018-10-05 14:11:29,947][Thread-78:10820][task_id:root][views.py:97][INFO][Accessing Page /image/barbk.jpg with showPath]
[2018-10-05 14:11:29,949][Thread-76:412][task_id:root][views.py:22][INFO][Accessing Page /pContent with showPages]
[2018-10-05 14:11:29,950][Thread-76:412][task_id:ShadowInk.mysqlConnector][mysqlConnector.py:145][INFO][Getting articles]
[2018-10-05 14:11:29,952][Thread-77:6800][task_id:root][views.py:22][INFO][Accessing Page /article with showPages]
[2018-10-05 14:11:30,816][Thread-79:7232][task_id:root][views.py:97][INFO][Accessing Page /pages/pContent.css with showPath]
[2018-10-05 14:11:31,053][Thread-80:9964][task_id:root][views.py:97][INFO][Accessing Page /article_files/article.css with showPath]
[2018-10-05 14:11:31,096][Thread-81:4632][task_id:root][views.py:97][INFO][Accessing Page /bin/jquery.js with showPath]
[2018-10-05 14:11:31,113][Thread-82:10536][task_id:root][views.py:97][INFO][Accessing Page /article_files/article.js with showPath]
[2018-10-05 14:11:31,119][Thread-83:10540][task_id:root][views.py:97][INFO][Accessing Page /bin/jquery.js with showPath]
[2018-10-05 14:11:31,638][Thread-84:11248][task_id:root][views.py:97][INFO][Accessing Page /pages/slide.js with showPath]
[2018-10-05 14:11:31,869][Thread-85:10260][task_id:root][views.py:97][INFO][Accessing Page /my_files/my.js with showPath]
[2018-10-05 14:11:32,220][Thread-86:9704][task_id:root][views.py:97][INFO][Accessing Page /image/bk.jpg with showPath]
[2018-10-05 14:11:32,481][Thread-87:9348][task_id:root][views.py:97][INFO][Accessing Page /image/lt.jpg with showPath]
[2018-10-05 14:11:32,684][Thread-88:1396][task_id:root][views.py:97][INFO][Accessing Page /image/barbk.jpg with showPath]
[2018-10-05 14:11:32,715][Thread-89:10824][task_id:root][views.py:125][INFO][Accessing Page /little_1538712262.jpg with showPath]
[2018-10-05 14:11:32,898][Thread-90:4232][task_id:root][views.py:22][INFO][Accessing Page /explore with showPages]
[2018-10-05 14:11:34,088][Thread-91:6820][task_id:root][views.py:97][INFO][Accessing Page /bin/jquery.js with showPath]
[2018-10-05 14:11:34,092][Thread-92:10408][task_id:root][views.py:97][INFO][Accessing Page /my_files/my.css with showPath]
[2018-10-05 14:11:34,094][Thread-93:8872][task_id:root][views.py:97][INFO][Accessing Page /my_files/my.js with showPath]
[2018-10-05 14:11:34,405][Thread-94:8132][task_id:root][views.py:97][INFO][Accessing Page /image/1.png with showPath]
[2018-10-05 14:11:35,792][Thread-95:7604][task_id:root][views.py:22][INFO][Accessing Page /pContent with showPages]
[2018-10-05 14:11:35,793][Thread-95:7604][task_id:ShadowInk.mysqlConnector][mysqlConnector.py:145][INFO][Getting articles]
[2018-10-05 14:11:35,795][Thread-97:9244][task_id:root][views.py:97][INFO][Accessing Page /image/barbk.jpg with showPath]
[2018-10-05 14:11:35,797][Thread-96:9252][task_id:root][views.py:22][INFO][Accessing Page /article with showPages]
[2018-10-05 14:11:36,663][Thread-98:11244][task_id:root][views.py:97][INFO][Accessing Page /article_files/article.css with showPath]
[2018-10-05 14:11:36,666][Thread-99:11148][task_id:root][views.py:97][INFO][Accessing Page /article_files/article.js with showPath]
[2018-10-05 14:11:36,670][Thread-100:7620][task_id:root][views.py:97][INFO][Accessing Page /bin/jquery.js with showPath]
[2018-10-05 14:11:36,682][Thread-101:10872][task_id:root][views.py:97][INFO][Accessing Page /my_files/my.js with showPath]
[2018-10-05 14:11:37,888][Thread-102:11140][task_id:root][views.py:97][INFO][Accessing Page /pages/pContent.css with showPath]
[2018-10-05 14:11:38,130][Thread-103:2576][task_id:root][views.py:97][INFO][Accessing Page /pages/slide.js with showPath]
[2018-10-05 14:11:38,143][Thread-104:11204][task_id:root][views.py:97][INFO][Accessing Page /image/lt.jpg with showPath]
[2018-10-05 14:11:38,636][Thread-105:10588][task_id:root][views.py:97][INFO][Accessing Page /bin/jquery.js with showPath]
[2018-10-05 14:11:38,722][Thread-106:10280][task_id:root][views.py:97][INFO][Accessing Page /image/bk.jpg with showPath]
[2018-10-05 14:11:38,900][Thread-107:9008][task_id:root][views.py:97][INFO][Accessing Page /image/barbk.jpg with showPath]
[2018-10-05 14:11:38,982][Thread-108:9268][task_id:root][views.py:125][INFO][Accessing Page /little_1538712262.jpg with showPath]
[2018-10-05 14:11:42,319][Thread-109:2604][task_id:root][views.py:97][INFO][Accessing Page /favicon.ico with showPath]
[2018-10-05 14:33:49,588][Thread-110:10376][task_id:root][views.py:16][INFO][Accessing Page / with showMainPage]
[2018-10-05 14:33:50,439][Thread-111:9976][task_id:root][views.py:21][INFO][Accessing Page /login with showPages]
[2018-10-05 14:33:51,343][Thread-112:10924][task_id:root][views.py:97][INFO][Accessing Page /login_files/patternLock.min.js with showPath]
[2018-10-05 14:33:51,346][Thread-113:10732][task_id:root][views.py:97][INFO][Accessing Page /login_files/login.css with showPath]
[2018-10-05 14:33:51,764][Thread-114:10804][task_id:root][views.py:97][INFO][Accessing Page /bin/jquery.js with showPath]
[2018-10-05 14:33:51,767][Thread-115:5140][task_id:root][views.py:97][INFO][Accessing Page /login_files/login.js with showPath]
[2018-10-05 14:33:52,286][Thread-116:9284][task_id:root][views.py:16][INFO][Accessing Page / with showMainPage]
[2018-10-05 14:33:52,605][Thread-117:1920][task_id:root][views.py:97][INFO][Accessing Page /image/icon.png with showPath]
[2018-10-05 14:33:53,054][Thread-118:1528][task_id:root][views.py:21][INFO][Accessing Page /login with showPages]
[2018-10-05 14:33:53,832][Thread-119:6708][task_id:root][views.py:97][INFO][Accessing Page /login_files/patternLock.min.js with showPath]
[2018-10-05 14:33:53,835][Thread-120:10688][task_id:root][views.py:97][INFO][Accessing Page /login_files/login.css with showPath]
[2018-10-05 14:33:53,939][Thread-121:5900][task_id:root][views.py:97][INFO][Accessing Page /image/bk.jpg with showPath]
[2018-10-05 14:33:53,953][Thread-122:6908][task_id:root][views.py:97][INFO][Accessing Page /login_files/icon_2x.png with showPath]
[2018-10-05 14:33:54,038][Thread-123:5944][task_id:root][views.py:97][INFO][Accessing Page /bin/jquery.js with showPath]
[2018-10-05 14:33:54,050][Thread-124:10188][task_id:root][views.py:97][INFO][Accessing Page /image/icon.png with showPath]
[2018-10-05 14:33:54,053][Thread-125:9472][task_id:root][views.py:97][INFO][Accessing Page /login_files/login.js with showPath]
[2018-10-05 14:33:56,194][Thread-126:10680][task_id:root][views.py:97][INFO][Accessing Page /favicon.ico with showPath]
[2018-10-05 14:33:56,306][Thread-127:9308][task_id:root][views.py:97][INFO][Accessing Page /image/bk.jpg with showPath]
[2018-10-05 14:33:56,308][Thread-128:8536][task_id:root][views.py:97][INFO][Accessing Page /login_files/icon_2x.png with showPath]
[2018-10-05 14:33:58,281][Thread-129:9268][task_id:root][views.py:97][INFO][Accessing Page /favicon.ico with showPath]
[2018-10-05 14:34:03,134][Thread-130:9008][task_id:root][views.py:21][INFO][Accessing Page /register with showPages]
[2018-10-05 14:34:03,245][Thread-131:4632][task_id:root][views.py:16][INFO][Accessing Page / with showMainPage]
[2018-10-05 14:34:04,013][Thread-132:10824][task_id:root][views.py:21][INFO][Accessing Page /login with showPages]
[2018-10-05 14:34:04,169][Thread-133:7572][task_id:root][views.py:97][INFO][Accessing Page /my_files/my.css with showPath]
[2018-10-05 14:34:04,172][Thread-134:9560][task_id:root][views.py:97][INFO][Accessing Page /bin/jquery.js with showPath]
[2018-10-05 14:34:04,175][Thread-135:2452][task_id:root][views.py:97][INFO][Accessing Page /register_files/login.css with showPath]
[2018-10-05 14:34:04,188][Thread-136:6196][task_id:root][views.py:97][INFO][Accessing Page /register_files/patternLock.min.js with showPath]
[2018-10-05 14:34:04,564][Thread-137:6248][task_id:root][views.py:97][INFO][Accessing Page /register_files/register.js with showPath]
[2018-10-05 14:34:04,795][Thread-138:9568][task_id:root][views.py:97][INFO][Accessing Page /login_files/patternLock.min.js with showPath]
[2018-10-05 14:34:04,798][Thread-139:1708][task_id:root][views.py:97][INFO][Accessing Page /login_files/login.css with showPath]
[2018-10-05 14:34:04,819][Thread-140:8488][task_id:root][views.py:97][INFO][Accessing Page /image/icon.png with showPath]
[2018-10-05 14:34:04,822][Thread-141:9876][task_id:root][views.py:97][INFO][Accessing Page /login_files/login.js with showPath]
[2018-10-05 14:34:04,825][Thread-142:1624][task_id:root][views.py:97][INFO][Accessing Page /bin/jquery.js with showPath]
[2018-10-05 14:34:05,933][Thread-143:11204][task_id:root][views.py:97][INFO][Accessing Page /image/icon.png with showPath]
[2018-10-05 14:34:06,115][Thread-144:1780][task_id:root][views.py:97][INFO][Accessing Page /register_files/icon_2x.png with showPath]
[2018-10-05 14:34:06,117][Thread-145:8132][task_id:root][views.py:97][INFO][Accessing Page /image/bk.jpg with showPath]
[2018-10-05 14:34:07,215][Thread-146:10640][task_id:root][views.py:97][INFO][Accessing Page /image/bk.jpg with showPath]
[2018-10-05 14:34:07,432][Thread-147:416][task_id:root][views.py:97][INFO][Accessing Page /login_files/icon_2x.png with showPath]
[2018-10-05 14:34:08,953][Thread-148:5916][task_id:root][views.py:97][INFO][Accessing Page /favicon.ico with showPath]
[2018-10-05 14:34:09,904][Thread-149:10608][task_id:root][views.py:97][INFO][Accessing Page /favicon.ico with showPath]
[2018-10-05 14:34:10,329][Thread-150:10448][task_id:root][views.py:16][INFO][Accessing Page / with showMainPage]
[2018-10-05 14:34:11,143][Thread-151:10252][task_id:root][views.py:21][INFO][Accessing Page /login with showPages]
[2018-10-05 14:34:11,940][Thread-152:8636][task_id:root][views.py:97][INFO][Accessing Page /bin/jquery.js with showPath]
[2018-10-05 14:34:11,997][Thread-153:11128][task_id:root][views.py:97][INFO][Accessing Page /login_files/patternLock.min.js with showPath]
[2018-10-05 14:34:12,000][Thread-154:11220][task_id:root][views.py:97][INFO][Accessing Page /login_files/login.css with showPath]
[2018-10-05 14:34:12,164][Thread-155:11148][task_id:root][views.py:97][INFO][Accessing Page /login_files/login.js with showPath]
[2018-10-05 14:34:12,167][Thread-156:2320][task_id:root][views.py:97][INFO][Accessing Page /image/icon.png with showPath]
[2018-10-05 14:34:13,715][Thread-157:7052][task_id:root][views.py:97][INFO][Accessing Page /image/bk.jpg with showPath]
[2018-10-05 14:34:13,718][Thread-158:2604][task_id:root][views.py:97][INFO][Accessing Page /login_files/icon_2x.png with showPath]
[2018-10-05 14:34:17,286][Thread-159:1408][task_id:root][views.py:16][INFO][Accessing Page / with showMainPage]
[2018-10-05 14:34:18,077][Thread-160:4644][task_id:root][views.py:21][INFO][Accessing Page /login with showPages]
[2018-10-05 14:34:18,874][Thread-161:10536][task_id:root][views.py:97][INFO][Accessing Page /login_files/login.js with showPath]
[2018-10-05 14:34:18,928][Thread-162:9252][task_id:root][views.py:97][INFO][Accessing Page /login_files/patternLock.min.js with showPath]
[2018-10-05 14:34:18,930][Thread-163:10588][task_id:root][views.py:97][INFO][Accessing Page /login_files/login.css with showPath]
[2018-10-05 14:34:18,934][Thread-164:8196][task_id:root][views.py:97][INFO][Accessing Page /bin/jquery.js with showPath]
[2018-10-05 14:34:19,090][Thread-165:10900][task_id:root][views.py:97][INFO][Accessing Page /image/icon.png with showPath]
[2018-10-05 14:34:21,575][Thread-166:8872][task_id:root][views.py:97][INFO][Accessing Page /image/bk.jpg with showPath]
[2018-10-05 14:34:21,579][Thread-167:10632][task_id:root][views.py:97][INFO][Accessing Page /login_files/icon_2x.png with showPath]
[2018-10-05 14:36:35,052][Thread-168:6348][task_id:root][views.py:16][INFO][Accessing Page / with showMainPage]
[2018-10-05 14:36:35,980][Thread-169:9232][task_id:root][views.py:21][INFO][Accessing Page /login with showPages]
[2018-10-05 14:36:36,912][Thread-170:9800][task_id:root][views.py:97][INFO][Accessing Page /login_files/login.css with showPath]
[2018-10-05 14:36:36,915][Thread-171:10280][task_id:root][views.py:97][INFO][Accessing Page /login_files/patternLock.min.js with showPath]
[2018-10-05 14:36:37,222][Thread-172:5916][task_id:root][views.py:16][INFO][Accessing Page / with showMainPage]
[2018-10-05 14:36:37,237][Thread-173:10252][task_id:root][views.py:97][INFO][Accessing Page /login_files/login.js with showPath]
[2018-10-05 14:36:37,240][Thread-174:2856][task_id:root][views.py:97][INFO][Accessing Page /bin/jquery.js with showPath]
[2018-10-05 14:36:39,605][Thread-175:3552][task_id:root][views.py:97][INFO][Accessing Page /image/icon.png with showPath]
[2018-10-05 14:37:39,673][Thread-176:11004][task_id:root][views.py:16][INFO][Accessing Page / with showMainPage]
[2018-10-05 14:37:40,438][Thread-177:10080][task_id:root][views.py:21][INFO][Accessing Page /login with showPages]
[2018-10-05 14:37:41,206][Thread-178:9516][task_id:root][views.py:97][INFO][Accessing Page /login_files/login.css with showPath]
[2018-10-05 14:37:41,430][Thread-179:6800][task_id:root][views.py:97][INFO][Accessing Page /login_files/patternLock.min.js with showPath]
[2018-10-05 14:37:41,443][Thread-180:10172][task_id:root][views.py:97][INFO][Accessing Page /login_files/login.js with showPath]
[2018-10-05 14:37:41,454][Thread-181:1596][task_id:root][views.py:97][INFO][Accessing Page /bin/jquery.js with showPath]
[2018-10-05 14:37:43,248][Thread-182:5940][task_id:root][views.py:97][INFO][Accessing Page /image/icon.png with showPath]
[2018-10-05 14:37:43,261][Thread-183:8752][task_id:root][views.py:97][INFO][Accessing Page /image/bk.jpg with showPath]
[2018-10-05 14:37:43,264][Thread-184:10484][task_id:root][views.py:97][INFO][Accessing Page /login_files/icon_2x.png with showPath]
[2018-10-05 15:01:37,707][Thread-1:12136][task_id:root][views.py:16][INFO][Accessing Page / with showMainPage]
[2018-10-05 15:01:38,503][Thread-3:10312][task_id:root][views.py:21][INFO][Accessing Page /login with showPages]
[2018-10-05 15:01:39,422][Thread-4:11704][task_id:root][views.py:97][INFO][Accessing Page /bin/jquery.js with showPath]
[2018-10-05 15:01:39,591][Thread-5:10392][task_id:root][views.py:97][INFO][Accessing Page /login_files/login.js with showPath]
[2018-10-05 15:01:39,607][Thread-6:3112][task_id:root][views.py:97][INFO][Accessing Page /login_files/patternLock.min.js with showPath]
[2018-10-05 15:01:39,611][Thread-7:10832][task_id:root][views.py:97][INFO][Accessing Page /image/icon.png with showPath]
[2018-10-05 15:01:39,613][Thread-8:10972][task_id:root][views.py:97][INFO][Accessing Page /login_files/login.css with showPath]
[2018-10-05 15:01:41,158][Thread-9:11068][task_id:root][views.py:97][INFO][Accessing Page /image/bk.jpg with showPath]
[2018-10-05 15:01:41,204][Thread-10:7932][task_id:root][views.py:97][INFO][Accessing Page /login_files/icon_2x.png with showPath]
